2022-06-11 13:13:34.7052 WARN Role (null) validation failed: DuplicateRoleName;DuplicateRoleName.
2022-06-11 13:13:34.7578 WARN Role (null) validation failed: DuplicateRoleName;DuplicateRoleName.
2022-06-11 13:13:34.7578 WARN Role (null) validation failed: DuplicateRoleName;DuplicateRoleName.
2022-06-11 13:15:23.5404 INFO GeUserstRentedMovies initiated
2022-06-11 13:15:51.6494 INFO AddMovie initiated
2022-06-11 13:15:51.7932 ERROR Failed executing DbCommand (23ms) [Parameters=[@p0='?' (Size = 4000), @p1='?' (DbType = Int32), @p2='?' (DbType = Int32), @p3='?' (DbType = Int32), @p4='?' (DbType = Int32)], CommandType='Text', CommandTimeout='30']
SET NOCOUNT ON;
INSERT INTO [Movies] ([Name], [OwnerId], [Price], [ProductionHouseId], [RenterId])
VALUES (@p0, @p1, @p2, @p3, @p4);
SELECT [Id]
FROM [Movies]
WHERE @@ROWCOUNT = 1 AND [Id] = scope_identity();
2022-06-11 13:15:51.8774 ERROR An exception occurred in the database while saving changes for context type 'FilmBACKEND.Models.Context'.
Microsoft.EntityFrameworkCore.DbUpdateException: An error occurred while updating the entries. See the inner exception for details.
 ---> Microsoft.Data.SqlClient.SqlException (0x80131904): The INSERT statement conflicted with the FOREIGN KEY constraint "FK_Movies_AspNetUsers_OwnerId". The conflict occurred in database "Film", table "dbo.AspNetUsers", column 'Id'.
The statement has been terminated.
   at Microsoft.Data.SqlClient.SqlConnection.OnError(SqlException exception, Boolean breakConnection, Action`1 wrapCloseInAction)
   at Microsoft.Data.SqlClient.SqlInternalConnection.OnError(SqlException exception, Boolean breakConnection, Action`1 wrapCloseInAction)
   at Microsoft.Data.SqlClient.TdsParser.ThrowExceptionAndWarning(TdsParserStateObject stateObj, Boolean callerHasConnectionLock, Boolean asyncClose)
   at Microsoft.Data.SqlClient.TdsParser.TryRun(RunBehavior runBehavior, SqlCommand cmdHandler, SqlDataReader dataStream, BulkCopySimpleResultSet bulkCopyHandler, TdsParserStateObject stateObj, Boolean& dataReady)
   at Microsoft.Data.SqlClient.SqlDataReader.TryConsumeMetaData()
   at Microsoft.Data.SqlClient.SqlDataReader.get_MetaData()
   at Microsoft.Data.SqlClient.SqlCommand.FinishExecuteReader(SqlDataReader ds, RunBehavior runBehavior, String resetOptionsString, Boolean isInternal, Boolean forDescribeParameterEncryption, Boolean shouldCacheForAlwaysEncrypted)
   at Microsoft.Data.SqlClient.SqlCommand.RunExecuteReaderTds(CommandBehavior cmdBehavior, RunBehavior runBehavior, Boolean returnStream, Boolean isAsync, Int32 timeout, Task& task, Boolean asyncWrite, Boolean inRetry, SqlDataReader ds, Boolean describeParameterEncryptionRequest)
   at Microsoft.Data.SqlClient.SqlCommand.RunExecuteReader(CommandBehavior cmdBehavior, RunBehavior runBehavior, Boolean returnStream, TaskCompletionSource`1 completion, Int32 timeout, Task& task, Boolean& usedCache, Boolean asyncWrite, Boolean inRetry, String method)
   at Microsoft.Data.SqlClient.SqlCommand.RunExecuteReader(CommandBehavior cmdBehavior, RunBehavior runBehavior, Boolean returnStream, String method)
   at Microsoft.Data.SqlClient.SqlCommand.ExecuteReader(CommandBehavior behavior)
   at Microsoft.Data.SqlClient.SqlCommand.ExecuteDbDataReader(CommandBehavior behavior)
   at System.Data.Common.DbCommand.ExecuteReader()
   at Microsoft.EntityFrameworkCore.Storage.RelationalCommand.ExecuteReader(RelationalCommandParameterObject parameterObject)
   at Microsoft.EntityFrameworkCore.Update.ReaderModificationCommandBatch.Execute(IRelationalConnection connection)
ClientConnectionId:942bc52c-f1d1-42b3-9542-3a955145bf6c
Error Number:547,State:0,Class:16
   --- End of inner exception stack trace ---
   at Microsoft.EntityFrameworkCore.Update.ReaderModificationCommandBatch.Execute(IRelationalConnection connection)
   at Microsoft.EntityFrameworkCore.Update.Internal.BatchExecutor.Execute(IEnumerable`1 commandBatches, IRelationalConnection connection)
   at Microsoft.EntityFrameworkCore.Storage.RelationalDatabase.SaveChanges(IList`1 entries)
   at Microsoft.EntityFrameworkCore.ChangeTracking.Internal.StateManager.SaveChanges(IList`1 entriesToSave)
   at Microsoft.EntityFrameworkCore.ChangeTracking.Internal.StateManager.SaveChanges(DbContext _, Boolean acceptAllChangesOnSuccess)
   at Microsoft.EntityFrameworkCore.SqlServer.Storage.Internal.SqlServerExecutionStrategy.Execute[TState,TResult](TState state, Func`3 operation, Func`3 verifySucceeded)
   at Microsoft.EntityFrameworkCore.ChangeTracking.Internal.StateManager.SaveChanges(Boolean acceptAllChangesOnSuccess)
   at Microsoft.EntityFrameworkCore.DbContext.SaveChanges(Boolean acceptAllChangesOnSuccess)
2022-06-11 13:15:51.9493 ERROR Exception Caught
2022-06-11 13:22:17.9801 INFO GeUserstRentedMovies initiated
2022-06-11 13:27:29.3539 INFO GeUserstRentedMovies initiated
2022-06-11 13:27:30.7647 INFO GeUserstRentedMovies initiated
2022-06-11 13:27:32.3411 INFO GeUserstRentedMovies initiated
2022-06-11 13:27:45.8864 INFO GeUserstRentedMovies initiated
2022-06-11 13:28:58.1776 INFO GeUserstRentedMovies initiated
2022-06-11 13:29:23.9336 INFO GetMoviesList initiated
2022-06-11 13:29:24.0227 WARN Compiling a query which loads related collections for more than one collection navigation either via 'Include' or through projection but no 'QuerySplittingBehavior' has been configured. By default Entity Framework will use 'QuerySplittingBehavior.SingleQuery' which can potentially result in slow query performance. See https://go.microsoft.com/fwlink/?linkid=2134277 for more information. To identify the query that's triggering this warning call 'ConfigureWarnings(w => w.Throw(RelationalEventId.MultipleCollectionIncludeWarning))'
2022-06-11 13:29:29.8708 INFO GetUnRentedMovies initiated
2022-06-11 13:29:29.8867 WARN Compiling a query which loads related collections for more than one collection navigation either via 'Include' or through projection but no 'QuerySplittingBehavior' has been configured. By default Entity Framework will use 'QuerySplittingBehavior.SingleQuery' which can potentially result in slow query performance. See https://go.microsoft.com/fwlink/?linkid=2134277 for more information. To identify the query that's triggering this warning call 'ConfigureWarnings(w => w.Throw(RelationalEventId.MultipleCollectionIncludeWarning))'
2022-06-11 13:30:03.1747 INFO GeUserstRentedMovies initiated
2022-06-11 13:30:04.8042 INFO GeUserstRentedMovies initiated
2022-06-11 13:30:08.3204 INFO GeUserstRentedMovies initiated
2022-06-11 13:30:11.5236 INFO GeUserstRentedMovies initiated
2022-06-11 13:32:30.9416 WARN Role (null) validation failed: DuplicateRoleName;DuplicateRoleName.
2022-06-11 13:32:30.9700 WARN Role (null) validation failed: DuplicateRoleName;DuplicateRoleName.
2022-06-11 13:32:30.9725 WARN Role (null) validation failed: DuplicateRoleName;DuplicateRoleName.
2022-06-11 13:34:08.6395 INFO GeUserstRentedMovies initiated
2022-06-11 13:34:20.2520 INFO GetMoviesList initiated
2022-06-11 13:34:20.3548 WARN Compiling a query which loads related collections for more than one collection navigation either via 'Include' or through projection but no 'QuerySplittingBehavior' has been configured. By default Entity Framework will use 'QuerySplittingBehavior.SingleQuery' which can potentially result in slow query performance. See https://go.microsoft.com/fwlink/?linkid=2134277 for more information. To identify the query that's triggering this warning call 'ConfigureWarnings(w => w.Throw(RelationalEventId.MultipleCollectionIncludeWarning))'
2022-06-11 13:39:44.2777 INFO GeUserstRentedMovies initiated
2022-06-11 13:40:53.5146 INFO GetMoviesList initiated
2022-06-11 13:41:38.7807 INFO GeUserstRentedMovies initiated
2022-06-11 13:41:46.1408 INFO GeUserstRentedMovies initiated
2022-06-11 13:42:12.9790 INFO GeUserstRentedMovies initiated
2022-06-11 13:42:25.2914 INFO GeUserstRentedMovies initiated
2022-06-11 13:45:40.3034 INFO GeUserstRentedMovies initiated
2022-06-11 13:45:50.8661 INFO GeUserstRentedMovies initiated
2022-06-11 13:46:58.1430 INFO GeUserstRentedMovies initiated
2022-06-11 13:46:59.8724 INFO GeUserstRentedMovies initiated
2022-06-11 13:47:31.0036 INFO GetMoviesList initiated
2022-06-11 13:47:31.7901 INFO GetMoviesList initiated
2022-06-11 13:47:32.1452 INFO GetMoviesList initiated
