2022-07-11 13:01:31.7514 WARN Role (null) validation failed: DuplicateRoleName;DuplicateRoleName.
2022-07-11 13:01:31.7995 WARN Role (null) validation failed: DuplicateRoleName;DuplicateRoleName.
2022-07-11 13:01:31.7995 WARN Role (null) validation failed: DuplicateRoleName;DuplicateRoleName.
2022-07-11 13:01:40.5410 INFO GeUserstRentedMovies initiated
2022-07-11 13:01:43.8993 INFO GeUserstRentedMovies initiated
2022-07-11 13:01:59.4122 INFO GeUserstRentedMovies initiated
2022-07-11 13:02:05.6922 INFO GeUserstRentedMovies initiated
2022-07-11 13:03:13.3036 INFO GeUserstRentedMovies initiated
2022-07-11 13:03:13.3660 INFO GeUserstRentedMovies initiated
2022-07-11 13:03:13.4227 INFO GeUserstRentedMovies initiated
2022-07-11 13:03:13.8088 INFO GeUserstRentedMovies initiated
2022-07-11 13:03:19.8779 INFO GeUserstRentedMovies initiated
2022-07-11 13:03:19.9883 INFO GeUserstRentedMovies initiated
2022-07-11 13:03:20.0716 INFO GeUserstRentedMovies initiated
2022-07-11 13:03:20.1890 INFO GeUserstRentedMovies initiated
2022-07-11 13:04:21.3857 INFO GeUserstRentedMovies initiated
2022-07-11 13:04:21.4546 INFO GeUserstRentedMovies initiated
2022-07-11 13:04:21.5757 INFO GeUserstRentedMovies initiated
2022-07-11 13:04:21.8260 INFO GeUserstRentedMovies initiated
2022-07-11 13:04:33.9650 INFO GeUserstRentedMovies initiated
2022-07-11 13:04:34.0241 INFO GeUserstRentedMovies initiated
2022-07-11 13:04:34.1014 INFO GeUserstRentedMovies initiated
2022-07-11 13:04:34.1326 INFO GeUserstRentedMovies initiated
2022-07-11 13:04:35.2301 INFO GeUserstRentedMovies initiated
2022-07-11 13:04:35.3149 INFO GeUserstRentedMovies initiated
2022-07-11 13:04:35.9668 INFO GeUserstRentedMovies initiated
2022-07-11 13:04:36.0421 INFO GeUserstRentedMovies initiated
2022-07-11 13:04:46.4818 INFO GeUserstRentedMovies initiated
2022-07-11 13:04:46.5705 INFO GeUserstRentedMovies initiated
2022-07-11 13:04:46.6479 INFO GeUserstRentedMovies initiated
2022-07-11 13:04:46.8882 INFO GeUserstRentedMovies initiated
2022-07-11 13:05:01.2117 INFO GeUserstRentedMovies initiated
2022-07-11 13:05:01.2929 INFO GeUserstRentedMovies initiated
2022-07-11 13:05:01.2929 INFO GeUserstRentedMovies initiated
2022-07-11 13:05:01.4746 INFO GeUserstRentedMovies initiated
2022-07-11 13:05:11.6381 INFO GeUserstRentedMovies initiated
2022-07-11 13:05:11.7309 INFO GeUserstRentedMovies initiated
2022-07-11 13:05:12.1592 INFO GeUserstRentedMovies initiated
2022-07-11 13:05:12.2542 INFO GeUserstRentedMovies initiated
2022-07-11 13:05:20.9615 INFO GeUserstRentedMovies initiated
2022-07-11 13:05:20.9648 INFO GeUserstRentedMovies initiated
2022-07-11 13:05:21.0251 INFO GeUserstRentedMovies initiated
2022-07-11 13:05:21.1131 INFO GeUserstRentedMovies initiated
2022-07-11 13:05:25.7017 INFO GeUserstRentedMovies initiated
2022-07-11 13:05:25.7807 INFO GeUserstRentedMovies initiated
2022-07-11 13:05:25.8574 INFO GeUserstRentedMovies initiated
2022-07-11 13:05:25.9326 INFO GeUserstRentedMovies initiated
2022-07-11 13:06:00.5119 INFO GeUserstRentedMovies initiated
2022-07-11 13:06:00.5930 INFO GeUserstRentedMovies initiated
2022-07-11 13:06:00.8692 INFO GeUserstRentedMovies initiated
2022-07-11 13:06:00.9649 INFO GeUserstRentedMovies initiated
2022-07-11 13:06:09.9050 INFO GeUserstRentedMovies initiated
2022-07-11 13:06:10.0024 INFO GeUserstRentedMovies initiated
2022-07-11 13:06:10.1022 INFO GeUserstRentedMovies initiated
2022-07-11 13:06:10.3637 INFO GeUserstRentedMovies initiated
2022-07-11 13:06:29.7592 INFO GeUserstRentedMovies initiated
2022-07-11 13:06:29.7991 INFO GeUserstRentedMovies initiated
2022-07-11 13:07:23.1833 INFO GeUserstRentedMovies initiated
2022-07-11 13:07:23.2328 INFO GeUserstRentedMovies initiated
2022-07-11 13:07:27.0005 INFO GeUserstRentedMovies initiated
2022-07-11 13:07:27.0459 INFO GeUserstRentedMovies initiated
2022-07-11 13:07:33.8002 INFO GeUserstRentedMovies initiated
2022-07-11 13:07:33.8677 INFO GeUserstRentedMovies initiated
2022-07-11 13:09:48.6892 INFO GeUserstRentedMovies initiated
2022-07-11 13:09:48.7573 INFO GeUserstRentedMovies initiated
2022-07-11 13:09:48.8093 INFO GeUserstRentedMovies initiated
2022-07-11 13:09:48.9922 INFO GeUserstRentedMovies initiated
2022-07-11 13:09:57.3748 INFO GeUserstRentedMovies initiated
2022-07-11 13:09:57.4282 INFO GeUserstRentedMovies initiated
2022-07-11 13:10:39.1537 INFO GeUserstRentedMovies initiated
2022-07-11 13:10:39.2036 INFO GeUserstRentedMovies initiated
2022-07-11 13:11:07.4888 INFO GeUserstRentedMovies initiated
2022-07-11 13:11:14.5837 ERROR An unhandled exception has occurred while executing the request.
2022-07-11 13:11:32.2158 ERROR An unhandled exception has occurred while executing the request.
2022-07-11 13:11:35.6449 INFO GeUserstRentedMovies initiated
2022-07-11 13:11:35.6937 INFO GeUserstRentedMovies initiated
2022-07-11 13:11:44.8739 INFO GeUserstRentedMovies initiated
2022-07-11 13:12:35.7641 INFO GeUserstRentedMovies initiated
2022-07-11 13:12:35.8901 INFO GeUserstRentedMovies initiated
2022-07-11 13:12:36.1347 INFO GeUserstRentedMovies initiated
2022-07-11 13:12:36.2664 INFO GeUserstRentedMovies initiated
2022-07-11 13:14:36.8716 INFO GeUserstRentedMovies initiated
2022-07-11 13:14:36.9714 INFO GeUserstRentedMovies initiated
2022-07-11 13:15:11.3487 INFO GeUserstRentedMovies initiated
2022-07-11 13:15:11.3899 INFO GeUserstRentedMovies initiated
2022-07-11 13:15:23.1806 INFO GeUserstRentedMovies initiated
2022-07-11 13:15:23.2488 INFO GeUserstRentedMovies initiated
2022-07-11 13:15:27.9678 INFO GeUserstRentedMovies initiated
2022-07-11 13:15:28.0129 INFO GeUserstRentedMovies initiated
2022-07-11 13:17:13.8456 INFO GeUserstRentedMovies initiated
2022-07-11 13:17:19.2168 INFO GeUserstRentedMovies initiated
2022-07-11 13:17:58.6234 WARN Role (null) validation failed: DuplicateRoleName;DuplicateRoleName.
2022-07-11 13:17:58.6520 WARN Role (null) validation failed: DuplicateRoleName;DuplicateRoleName.
2022-07-11 13:17:58.6520 WARN Role (null) validation failed: DuplicateRoleName;DuplicateRoleName.
2022-07-11 13:18:00.2751 INFO GeUserstRentedMovies initiated
2022-07-11 13:18:00.3918 INFO GeUserstRentedMovies initiated
2022-07-11 13:18:28.3212 INFO GeUserstRentedMovies initiated
2022-07-11 13:18:30.7013 INFO GeUserstRentedMovies initiated
2022-07-11 13:18:49.0460 WARN Role (null) validation failed: DuplicateRoleName;DuplicateRoleName.
2022-07-11 13:18:49.0840 WARN Role (null) validation failed: DuplicateRoleName;DuplicateRoleName.
2022-07-11 13:18:49.0948 WARN Role (null) validation failed: DuplicateRoleName;DuplicateRoleName.
2022-07-11 13:19:01.0377 INFO GeUserstRentedMovies initiated
2022-07-11 13:19:02.8229 INFO GeUserstRentedMovies initiated
2022-07-11 13:19:29.4376 INFO GeUserstRentedMovies initiated
2022-07-11 13:19:29.4816 INFO GeUserstRentedMovies initiated
2022-07-11 13:20:10.0931 INFO GeUserstRentedMovies initiated
2022-07-11 13:20:13.3435 INFO GeUserstRentedMovies initiated
2022-07-11 13:20:15.5033 INFO GeUserstRentedMovies initiated
2022-07-11 13:20:42.8109 INFO GeUserstRentedMovies initiated
2022-07-11 13:21:13.8346 INFO GeUserstRentedMovies initiated
2022-07-11 13:21:14.1565 INFO GeUserstRentedMovies initiated
2022-07-11 13:21:14.2125 INFO GeUserstRentedMovies initiated
2022-07-11 13:21:23.5681 INFO GeUserstRentedMovies initiated
2022-07-11 13:21:23.7718 INFO GeUserstRentedMovies initiated
2022-07-11 13:21:23.8626 INFO GeUserstRentedMovies initiated
2022-07-11 13:21:30.3573 INFO GeUserstRentedMovies initiated
2022-07-11 13:21:30.8454 INFO GeUserstRentedMovies initiated
2022-07-11 13:21:30.9366 INFO GeUserstRentedMovies initiated
2022-07-11 13:21:37.5990 INFO GeUserstRentedMovies initiated
2022-07-11 13:21:40.6109 INFO GeUserstRentedMovies initiated
2022-07-11 13:21:43.9240 INFO GeUserstRentedMovies initiated
2022-07-11 13:26:08.3469 INFO GeUserstRentedMovies initiated
2022-07-11 13:26:09.1904 INFO GeUserstRentedMovies initiated
2022-07-11 13:26:09.3290 INFO GeUserstRentedMovies initiated
2022-07-11 13:45:33.7707 INFO GeUserstRentedMovies initiated
2022-07-11 13:45:33.8076 INFO GeUserstRentedMovies initiated
2022-07-11 13:45:33.9375 INFO GeUserstRentedMovies initiated
2022-07-11 13:47:12.1191 INFO GeUserstRentedMovies initiated
2022-07-11 13:47:12.1191 INFO GeUserstRentedMovies initiated
2022-07-11 13:47:12.1838 INFO GeUserstRentedMovies initiated
2022-07-11 13:47:27.5440 INFO GeUserstRentedMovies initiated
2022-07-11 13:47:27.5440 INFO GeUserstRentedMovies initiated
2022-07-11 13:47:27.6542 INFO GeUserstRentedMovies initiated
2022-07-11 13:47:50.6764 INFO GeUserstRentedMovies initiated
2022-07-11 13:47:50.9319 INFO GeUserstRentedMovies initiated
2022-07-11 13:47:51.0207 INFO GeUserstRentedMovies initiated
2022-07-11 13:48:33.7945 INFO GeUserstRentedMovies initiated
2022-07-11 13:48:33.8221 INFO GeUserstRentedMovies initiated
2022-07-11 13:48:33.8743 INFO GeUserstRentedMovies initiated
2022-07-11 13:48:45.3688 INFO GeUserstRentedMovies initiated
2022-07-11 13:48:56.3714 INFO GeUserstRentedMovies initiated
2022-07-11 13:49:05.6870 INFO AddMovie initiated
2022-07-11 13:49:14.3773 INFO GeUserstRentedMovies initiated
2022-07-11 13:51:12.3915 INFO GeUserstRentedMovies initiated
2022-07-11 13:51:12.6268 INFO GeUserstRentedMovies initiated
2022-07-11 13:51:31.5942 INFO GeUserstRentedMovies initiated
2022-07-11 13:51:31.7592 INFO GeUserstRentedMovies initiated
2022-07-11 13:52:13.7030 INFO GeUserstRentedMovies initiated
2022-07-11 13:52:13.8049 INFO GetUnRentedMovies initiated
2022-07-11 13:52:13.9321 INFO GeUserstRentedMovies initiated
2022-07-11 13:52:13.9893 INFO GetUnRentedMovies initiated
2022-07-11 13:52:17.9903 INFO GeUserstRentedMovies initiated
2022-07-11 13:52:18.0780 INFO GetUnRentedMovies initiated
2022-07-11 13:52:18.1588 INFO GeUserstRentedMovies initiated
2022-07-11 13:52:18.2270 INFO GetUnRentedMovies initiated
2022-07-11 13:52:19.2639 INFO GeUserstRentedMovies initiated
2022-07-11 13:52:19.2856 INFO GetUnRentedMovies initiated
2022-07-11 13:52:19.3785 INFO GeUserstRentedMovies initiated
2022-07-11 13:52:19.4010 INFO GetUnRentedMovies initiated
2022-07-11 13:52:20.4808 INFO GeUserstRentedMovies initiated
2022-07-11 13:52:20.5946 INFO GetUnRentedMovies initiated
2022-07-11 13:52:20.7294 INFO GeUserstRentedMovies initiated
2022-07-11 13:52:20.7731 INFO GetUnRentedMovies initiated
2022-07-11 13:52:33.7320 INFO GetUnRentedMovies initiated
2022-07-11 13:54:31.7456 WARN Role (null) validation failed: DuplicateRoleName;DuplicateRoleName.
2022-07-11 13:54:31.7812 WARN Role (null) validation failed: DuplicateRoleName;DuplicateRoleName.
2022-07-11 13:54:31.7812 WARN Role (null) validation failed: DuplicateRoleName;DuplicateRoleName.
2022-07-11 13:54:38.4936 INFO GetUnRentedMovies initiated
2022-07-11 13:57:11.9895 INFO GeUserstRentedMovies initiated
2022-07-11 13:57:12.0078 INFO GetUnRentedMovies initiated
2022-07-11 13:57:12.1191 INFO GeUserstRentedMovies initiated
2022-07-11 13:57:12.1605 INFO GetUnRentedMovies initiated
2022-07-11 13:57:22.9611 INFO GeUserstRentedMovies initiated
2022-07-11 13:57:42.9511 INFO AddMovie initiated
2022-07-11 13:57:43.0879 ERROR Failed executing DbCommand (15ms) [Parameters=[@p0='?' (Size = 4000), @p1='?' (DbType = Int32), @p2='?' (DbType = Int32), @p3='?' (DbType = Int32), @p4='?' (DbType = Int32)], CommandType='Text', CommandTimeout='30']
SET NOCOUNT ON;
INSERT INTO [Movies] ([Name], [OwnerId], [Price], [ProductionHouseId], [RenterId])
VALUES (@p0, @p1, @p2, @p3, @p4);
SELECT [Id]
FROM [Movies]
WHERE @@ROWCOUNT = 1 AND [Id] = scope_identity();
2022-07-11 13:57:43.1546 ERROR An exception occurred in the database while saving changes for context type 'FilmBACKEND.Models.Context'.
Microsoft.EntityFrameworkCore.DbUpdateException: An error occurred while updating the entries. See the inner exception for details.
 ---> Microsoft.Data.SqlClient.SqlException (0x80131904): The INSERT statement conflicted with the FOREIGN KEY constraint "FK_Movies_AspNetUsers_OwnerId". The conflict occurred in database "Film", table "dbo.AspNetUsers", column 'Id'.
The statement has been terminated.
   at Microsoft.Data.SqlClient.SqlConnection.OnError(SqlException exception, Boolean breakConnection, Action`1 wrapCloseInAction)
   at Microsoft.Data.SqlClient.SqlInternalConnection.OnError(SqlException exception, Boolean breakConnection, Action`1 wrapCloseInAction)
   at Microsoft.Data.SqlClient.TdsParser.ThrowExceptionAndWarning(TdsParserStateObject stateObj, Boolean callerHasConnectionLock, Boolean asyncClose)
   at Microsoft.Data.SqlClient.TdsParser.TryRun(RunBehavior runBehavior, SqlCommand cmdHandler, SqlDataReader dataStream, BulkCopySimpleResultSet bulkCopyHandler, TdsParserStateObject stateObj, Boolean& dataReady)
   at Microsoft.Data.SqlClient.SqlDataReader.TryConsumeMetaData()
   at Microsoft.Data.SqlClient.SqlDataReader.get_MetaData()
   at Microsoft.Data.SqlClient.SqlCommand.FinishExecuteReader(SqlDataReader ds, RunBehavior runBehavior, String resetOptionsString, Boolean isInternal, Boolean forDescribeParameterEncryption, Boolean shouldCacheForAlwaysEncrypted)
   at Microsoft.Data.SqlClient.SqlCommand.RunExecuteReaderTds(CommandBehavior cmdBehavior, RunBehavior runBehavior, Boolean returnStream, Boolean isAsync, Int32 timeout, Task& task, Boolean asyncWrite, Boolean inRetry, SqlDataReader ds, Boolean describeParameterEncryptionRequest)
   at Microsoft.Data.SqlClient.SqlCommand.RunExecuteReader(CommandBehavior cmdBehavior, RunBehavior runBehavior, Boolean returnStream, TaskCompletionSource`1 completion, Int32 timeout, Task& task, Boolean& usedCache, Boolean asyncWrite, Boolean inRetry, String method)
   at Microsoft.Data.SqlClient.SqlCommand.RunExecuteReader(CommandBehavior cmdBehavior, RunBehavior runBehavior, Boolean returnStream, String method)
   at Microsoft.Data.SqlClient.SqlCommand.ExecuteReader(CommandBehavior behavior)
   at Microsoft.Data.SqlClient.SqlCommand.ExecuteDbDataReader(CommandBehavior behavior)
   at System.Data.Common.DbCommand.ExecuteReader()
   at Microsoft.EntityFrameworkCore.Storage.RelationalCommand.ExecuteReader(RelationalCommandParameterObject parameterObject)
   at Microsoft.EntityFrameworkCore.Update.ReaderModificationCommandBatch.Execute(IRelationalConnection connection)
ClientConnectionId:e72c6b32-3235-4c60-ab1f-87714685b172
Error Number:547,State:0,Class:16
   --- End of inner exception stack trace ---
   at Microsoft.EntityFrameworkCore.Update.ReaderModificationCommandBatch.Execute(IRelationalConnection connection)
   at Microsoft.EntityFrameworkCore.Update.Internal.BatchExecutor.Execute(IEnumerable`1 commandBatches, IRelationalConnection connection)
   at Microsoft.EntityFrameworkCore.Storage.RelationalDatabase.SaveChanges(IList`1 entries)
   at Microsoft.EntityFrameworkCore.ChangeTracking.Internal.StateManager.SaveChanges(IList`1 entriesToSave)
   at Microsoft.EntityFrameworkCore.ChangeTracking.Internal.StateManager.SaveChanges(DbContext _, Boolean acceptAllChangesOnSuccess)
   at Microsoft.EntityFrameworkCore.SqlServer.Storage.Internal.SqlServerExecutionStrategy.Execute[TState,TResult](TState state, Func`3 operation, Func`3 verifySucceeded)
   at Microsoft.EntityFrameworkCore.ChangeTracking.Internal.StateManager.SaveChanges(Boolean acceptAllChangesOnSuccess)
   at Microsoft.EntityFrameworkCore.DbContext.SaveChanges(Boolean acceptAllChangesOnSuccess)
2022-07-11 13:57:43.2142 ERROR Exception Caught
2022-07-11 14:02:17.3264 INFO GeUserstRentedMovies initiated
2022-07-11 14:02:17.4659 INFO GetUnRentedMovies initiated
2022-07-11 14:02:18.2931 INFO GeUserstRentedMovies initiated
2022-07-11 14:02:18.3806 INFO GeUserstRentedMovies initiated
2022-07-11 14:02:18.4365 INFO GetUnRentedMovies initiated
2022-07-11 14:02:20.6724 INFO GeUserstRentedMovies initiated
2022-07-11 14:02:28.0173 INFO GeUserstRentedMovies initiated
2022-07-11 14:02:28.0944 INFO GetUnRentedMovies initiated
2022-07-11 14:02:28.4220 INFO GeUserstRentedMovies initiated
2022-07-11 14:02:29.7125 INFO GeUserstRentedMovies initiated
2022-07-11 14:02:29.7488 INFO GetUnRentedMovies initiated
2022-07-11 14:02:29.7752 INFO GeUserstRentedMovies initiated
2022-07-11 14:03:45.7324 INFO GeUserstRentedMovies initiated
2022-07-11 14:03:45.7909 INFO GetUnRentedMovies initiated
2022-07-11 14:03:46.0523 INFO GeUserstRentedMovies initiated
2022-07-11 14:06:25.2827 INFO GeUserstRentedMovies initiated
2022-07-11 14:06:25.3761 INFO GetUnRentedMovies initiated
2022-07-11 14:06:25.5227 INFO GeUserstRentedMovies initiated
2022-07-11 15:43:24.1434 INFO GeUserstRentedMovies initiated
2022-07-11 15:52:01.7438 INFO GeUserstRentedMovies initiated
2022-07-11 15:53:20.4152 INFO GeUserstRentedMovies initiated
2022-07-11 15:53:24.4771 INFO GeUserstRentedMovies initiated
2022-07-11 15:53:30.1319 INFO GeUserstRentedMovies initiated
2022-07-11 16:01:55.0407 INFO GeUserstRentedMovies initiated
2022-07-11 16:03:29.7173 INFO GetMoviesList initiated
2022-07-11 16:10:41.8331 INFO GeUserstRentedMovies initiated
2022-07-11 16:10:53.2479 INFO GeUserstRentedMovies initiated
2022-07-11 16:10:58.0765 INFO GeUserstRentedMovies initiated
2022-07-11 16:12:59.8684 INFO GeUserstRentedMovies initiated
2022-07-11 16:13:07.4913 INFO AddMovie initiated
2022-07-11 16:13:07.5063 ERROR Failed executing DbCommand (11ms) [Parameters=[@p0='?' (Size = 4000), @p1='?' (DbType = Int32), @p2='?' (DbType = Int32), @p3='?' (DbType = Int32), @p4='?' (DbType = Int32)], CommandType='Text', CommandTimeout='30']
SET NOCOUNT ON;
INSERT INTO [Movies] ([Name], [OwnerId], [Price], [ProductionHouseId], [RenterId])
VALUES (@p0, @p1, @p2, @p3, @p4);
SELECT [Id]
FROM [Movies]
WHERE @@ROWCOUNT = 1 AND [Id] = scope_identity();
2022-07-11 16:13:07.5135 ERROR An exception occurred in the database while saving changes for context type 'FilmBACKEND.Models.Context'.
Microsoft.EntityFrameworkCore.DbUpdateException: An error occurred while updating the entries. See the inner exception for details.
 ---> Microsoft.Data.SqlClient.SqlException (0x80131904): The INSERT statement conflicted with the FOREIGN KEY constraint "FK_Movies_AspNetUsers_OwnerId". The conflict occurred in database "Film", table "dbo.AspNetUsers", column 'Id'.
The statement has been terminated.
   at Microsoft.Data.SqlClient.SqlConnection.OnError(SqlException exception, Boolean breakConnection, Action`1 wrapCloseInAction)
   at Microsoft.Data.SqlClient.SqlInternalConnection.OnError(SqlException exception, Boolean breakConnection, Action`1 wrapCloseInAction)
   at Microsoft.Data.SqlClient.TdsParser.ThrowExceptionAndWarning(TdsParserStateObject stateObj, Boolean callerHasConnectionLock, Boolean asyncClose)
   at Microsoft.Data.SqlClient.TdsParser.TryRun(RunBehavior runBehavior, SqlCommand cmdHandler, SqlDataReader dataStream, BulkCopySimpleResultSet bulkCopyHandler, TdsParserStateObject stateObj, Boolean& dataReady)
   at Microsoft.Data.SqlClient.SqlDataReader.TryConsumeMetaData()
   at Microsoft.Data.SqlClient.SqlDataReader.get_MetaData()
   at Microsoft.Data.SqlClient.SqlCommand.FinishExecuteReader(SqlDataReader ds, RunBehavior runBehavior, String resetOptionsString, Boolean isInternal, Boolean forDescribeParameterEncryption, Boolean shouldCacheForAlwaysEncrypted)
   at Microsoft.Data.SqlClient.SqlCommand.RunExecuteReaderTds(CommandBehavior cmdBehavior, RunBehavior runBehavior, Boolean returnStream, Boolean isAsync, Int32 timeout, Task& task, Boolean asyncWrite, Boolean inRetry, SqlDataReader ds, Boolean describeParameterEncryptionRequest)
   at Microsoft.Data.SqlClient.SqlCommand.RunExecuteReader(CommandBehavior cmdBehavior, RunBehavior runBehavior, Boolean returnStream, TaskCompletionSource`1 completion, Int32 timeout, Task& task, Boolean& usedCache, Boolean asyncWrite, Boolean inRetry, String method)
   at Microsoft.Data.SqlClient.SqlCommand.RunExecuteReader(CommandBehavior cmdBehavior, RunBehavior runBehavior, Boolean returnStream, String method)
   at Microsoft.Data.SqlClient.SqlCommand.ExecuteReader(CommandBehavior behavior)
   at Microsoft.Data.SqlClient.SqlCommand.ExecuteDbDataReader(CommandBehavior behavior)
   at System.Data.Common.DbCommand.ExecuteReader()
   at Microsoft.EntityFrameworkCore.Storage.RelationalCommand.ExecuteReader(RelationalCommandParameterObject parameterObject)
   at Microsoft.EntityFrameworkCore.Update.ReaderModificationCommandBatch.Execute(IRelationalConnection connection)
ClientConnectionId:9bef484c-c80e-45bc-ad18-6fd907c0d445
Error Number:547,State:0,Class:16
   --- End of inner exception stack trace ---
   at Microsoft.EntityFrameworkCore.Update.ReaderModificationCommandBatch.Execute(IRelationalConnection connection)
   at Microsoft.EntityFrameworkCore.Update.Internal.BatchExecutor.Execute(IEnumerable`1 commandBatches, IRelationalConnection connection)
   at Microsoft.EntityFrameworkCore.Storage.RelationalDatabase.SaveChanges(IList`1 entries)
   at Microsoft.EntityFrameworkCore.ChangeTracking.Internal.StateManager.SaveChanges(IList`1 entriesToSave)
   at Microsoft.EntityFrameworkCore.ChangeTracking.Internal.StateManager.SaveChanges(DbContext _, Boolean acceptAllChangesOnSuccess)
   at Microsoft.EntityFrameworkCore.SqlServer.Storage.Internal.SqlServerExecutionStrategy.Execute[TState,TResult](TState state, Func`3 operation, Func`3 verifySucceeded)
   at Microsoft.EntityFrameworkCore.ChangeTracking.Internal.StateManager.SaveChanges(Boolean acceptAllChangesOnSuccess)
   at Microsoft.EntityFrameworkCore.DbContext.SaveChanges(Boolean acceptAllChangesOnSuccess)
2022-07-11 16:13:07.5573 ERROR Exception Caught
2022-07-11 16:13:28.9227 INFO GeUserstRentedMovies initiated
2022-07-11 16:13:39.4564 INFO AddMovie initiated
2022-07-11 16:13:39.4564 ERROR Failed executing DbCommand (1ms) [Parameters=[@p0='?' (Size = 4000), @p1='?' (DbType = Int32), @p2='?' (DbType = Int32), @p3='?' (DbType = Int32), @p4='?' (DbType = Int32)], CommandType='Text', CommandTimeout='30']
SET NOCOUNT ON;
INSERT INTO [Movies] ([Name], [OwnerId], [Price], [ProductionHouseId], [RenterId])
VALUES (@p0, @p1, @p2, @p3, @p4);
SELECT [Id]
FROM [Movies]
WHERE @@ROWCOUNT = 1 AND [Id] = scope_identity();
2022-07-11 16:13:39.4666 ERROR An exception occurred in the database while saving changes for context type 'FilmBACKEND.Models.Context'.
Microsoft.EntityFrameworkCore.DbUpdateException: An error occurred while updating the entries. See the inner exception for details.
 ---> Microsoft.Data.SqlClient.SqlException (0x80131904): The INSERT statement conflicted with the FOREIGN KEY constraint "FK_Movies_AspNetUsers_OwnerId". The conflict occurred in database "Film", table "dbo.AspNetUsers", column 'Id'.
The statement has been terminated.
   at Microsoft.Data.SqlClient.SqlConnection.OnError(SqlException exception, Boolean breakConnection, Action`1 wrapCloseInAction)
   at Microsoft.Data.SqlClient.SqlInternalConnection.OnError(SqlException exception, Boolean breakConnection, Action`1 wrapCloseInAction)
   at Microsoft.Data.SqlClient.TdsParser.ThrowExceptionAndWarning(TdsParserStateObject stateObj, Boolean callerHasConnectionLock, Boolean asyncClose)
   at Microsoft.Data.SqlClient.TdsParser.TryRun(RunBehavior runBehavior, SqlCommand cmdHandler, SqlDataReader dataStream, BulkCopySimpleResultSet bulkCopyHandler, TdsParserStateObject stateObj, Boolean& dataReady)
   at Microsoft.Data.SqlClient.SqlDataReader.TryConsumeMetaData()
   at Microsoft.Data.SqlClient.SqlDataReader.get_MetaData()
   at Microsoft.Data.SqlClient.SqlCommand.FinishExecuteReader(SqlDataReader ds, RunBehavior runBehavior, String resetOptionsString, Boolean isInternal, Boolean forDescribeParameterEncryption, Boolean shouldCacheForAlwaysEncrypted)
   at Microsoft.Data.SqlClient.SqlCommand.RunExecuteReaderTds(CommandBehavior cmdBehavior, RunBehavior runBehavior, Boolean returnStream, Boolean isAsync, Int32 timeout, Task& task, Boolean asyncWrite, Boolean inRetry, SqlDataReader ds, Boolean describeParameterEncryptionRequest)
   at Microsoft.Data.SqlClient.SqlCommand.RunExecuteReader(CommandBehavior cmdBehavior, RunBehavior runBehavior, Boolean returnStream, TaskCompletionSource`1 completion, Int32 timeout, Task& task, Boolean& usedCache, Boolean asyncWrite, Boolean inRetry, String method)
   at Microsoft.Data.SqlClient.SqlCommand.RunExecuteReader(CommandBehavior cmdBehavior, RunBehavior runBehavior, Boolean returnStream, String method)
   at Microsoft.Data.SqlClient.SqlCommand.ExecuteReader(CommandBehavior behavior)
   at Microsoft.Data.SqlClient.SqlCommand.ExecuteDbDataReader(CommandBehavior behavior)
   at System.Data.Common.DbCommand.ExecuteReader()
   at Microsoft.EntityFrameworkCore.Storage.RelationalCommand.ExecuteReader(RelationalCommandParameterObject parameterObject)
   at Microsoft.EntityFrameworkCore.Update.ReaderModificationCommandBatch.Execute(IRelationalConnection connection)
ClientConnectionId:9bef484c-c80e-45bc-ad18-6fd907c0d445
Error Number:547,State:0,Class:16
   --- End of inner exception stack trace ---
   at Microsoft.EntityFrameworkCore.Update.ReaderModificationCommandBatch.Execute(IRelationalConnection connection)
   at Microsoft.EntityFrameworkCore.Update.Internal.BatchExecutor.Execute(IEnumerable`1 commandBatches, IRelationalConnection connection)
   at Microsoft.EntityFrameworkCore.Storage.RelationalDatabase.SaveChanges(IList`1 entries)
   at Microsoft.EntityFrameworkCore.ChangeTracking.Internal.StateManager.SaveChanges(IList`1 entriesToSave)
   at Microsoft.EntityFrameworkCore.ChangeTracking.Internal.StateManager.SaveChanges(DbContext _, Boolean acceptAllChangesOnSuccess)
   at Microsoft.EntityFrameworkCore.SqlServer.Storage.Internal.SqlServerExecutionStrategy.Execute[TState,TResult](TState state, Func`3 operation, Func`3 verifySucceeded)
   at Microsoft.EntityFrameworkCore.ChangeTracking.Internal.StateManager.SaveChanges(Boolean acceptAllChangesOnSuccess)
   at Microsoft.EntityFrameworkCore.DbContext.SaveChanges(Boolean acceptAllChangesOnSuccess)
2022-07-11 16:13:39.4957 ERROR Exception Caught
2022-07-11 16:13:53.6869 INFO GeUserstRentedMovies initiated
2022-07-11 16:14:22.0786 INFO GeUserstRentedMovies initiated
2022-07-11 16:14:26.5113 INFO GeUserstRentedMovies initiated
2022-07-11 16:14:41.6952 INFO GeUserstRentedMovies initiated
2022-07-11 16:14:48.8240 INFO GeUserstRentedMovies initiated
2022-07-11 16:15:09.5713 INFO GeUserstRentedMovies initiated
2022-07-11 16:19:57.0202 INFO GeUserstRentedMovies initiated
2022-07-11 16:19:59.3883 INFO GeUserstRentedMovies initiated
2022-07-11 16:20:02.1898 INFO GeUserstRentedMovies initiated
2022-07-11 16:27:26.5450 INFO GeUserstRentedMovies initiated
2022-07-11 16:27:32.3140 INFO AddMovie initiated
2022-07-11 16:27:32.5799 ERROR Failed executing DbCommand (264ms) [Parameters=[@p0='?' (Size = 4000), @p1='?' (DbType = Int32), @p2='?' (DbType = Int32), @p3='?' (DbType = Int32), @p4='?' (DbType = Int32)], CommandType='Text', CommandTimeout='30']
SET NOCOUNT ON;
INSERT INTO [Movies] ([Name], [OwnerId], [Price], [ProductionHouseId], [RenterId])
VALUES (@p0, @p1, @p2, @p3, @p4);
SELECT [Id]
FROM [Movies]
WHERE @@ROWCOUNT = 1 AND [Id] = scope_identity();
2022-07-11 16:27:32.5799 ERROR An exception occurred in the database while saving changes for context type 'FilmBACKEND.Models.Context'.
Microsoft.EntityFrameworkCore.DbUpdateException: An error occurred while updating the entries. See the inner exception for details.
 ---> Microsoft.Data.SqlClient.SqlException (0x80131904): The INSERT statement conflicted with the FOREIGN KEY constraint "FK_Movies_AspNetUsers_OwnerId". The conflict occurred in database "Film", table "dbo.AspNetUsers", column 'Id'.
The statement has been terminated.
   at Microsoft.Data.SqlClient.SqlConnection.OnError(SqlException exception, Boolean breakConnection, Action`1 wrapCloseInAction)
   at Microsoft.Data.SqlClient.SqlInternalConnection.OnError(SqlException exception, Boolean breakConnection, Action`1 wrapCloseInAction)
   at Microsoft.Data.SqlClient.TdsParser.ThrowExceptionAndWarning(TdsParserStateObject stateObj, Boolean callerHasConnectionLock, Boolean asyncClose)
   at Microsoft.Data.SqlClient.TdsParser.TryRun(RunBehavior runBehavior, SqlCommand cmdHandler, SqlDataReader dataStream, BulkCopySimpleResultSet bulkCopyHandler, TdsParserStateObject stateObj, Boolean& dataReady)
   at Microsoft.Data.SqlClient.SqlDataReader.TryConsumeMetaData()
   at Microsoft.Data.SqlClient.SqlDataReader.get_MetaData()
   at Microsoft.Data.SqlClient.SqlCommand.FinishExecuteReader(SqlDataReader ds, RunBehavior runBehavior, String resetOptionsString, Boolean isInternal, Boolean forDescribeParameterEncryption, Boolean shouldCacheForAlwaysEncrypted)
   at Microsoft.Data.SqlClient.SqlCommand.RunExecuteReaderTds(CommandBehavior cmdBehavior, RunBehavior runBehavior, Boolean returnStream, Boolean isAsync, Int32 timeout, Task& task, Boolean asyncWrite, Boolean inRetry, SqlDataReader ds, Boolean describeParameterEncryptionRequest)
   at Microsoft.Data.SqlClient.SqlCommand.RunExecuteReader(CommandBehavior cmdBehavior, RunBehavior runBehavior, Boolean returnStream, TaskCompletionSource`1 completion, Int32 timeout, Task& task, Boolean& usedCache, Boolean asyncWrite, Boolean inRetry, String method)
   at Microsoft.Data.SqlClient.SqlCommand.RunExecuteReader(CommandBehavior cmdBehavior, RunBehavior runBehavior, Boolean returnStream, String method)
   at Microsoft.Data.SqlClient.SqlCommand.ExecuteReader(CommandBehavior behavior)
   at Microsoft.Data.SqlClient.SqlCommand.ExecuteDbDataReader(CommandBehavior behavior)
   at System.Data.Common.DbCommand.ExecuteReader()
   at Microsoft.EntityFrameworkCore.Storage.RelationalCommand.ExecuteReader(RelationalCommandParameterObject parameterObject)
   at Microsoft.EntityFrameworkCore.Update.ReaderModificationCommandBatch.Execute(IRelationalConnection connection)
ClientConnectionId:87476089-b2dd-45d9-99f1-b8e666e6e4df
Error Number:547,State:0,Class:16
   --- End of inner exception stack trace ---
   at Microsoft.EntityFrameworkCore.Update.ReaderModificationCommandBatch.Execute(IRelationalConnection connection)
   at Microsoft.EntityFrameworkCore.Update.Internal.BatchExecutor.Execute(IEnumerable`1 commandBatches, IRelationalConnection connection)
   at Microsoft.EntityFrameworkCore.Storage.RelationalDatabase.SaveChanges(IList`1 entries)
   at Microsoft.EntityFrameworkCore.ChangeTracking.Internal.StateManager.SaveChanges(IList`1 entriesToSave)
   at Microsoft.EntityFrameworkCore.ChangeTracking.Internal.StateManager.SaveChanges(DbContext _, Boolean acceptAllChangesOnSuccess)
   at Microsoft.EntityFrameworkCore.SqlServer.Storage.Internal.SqlServerExecutionStrategy.Execute[TState,TResult](TState state, Func`3 operation, Func`3 verifySucceeded)
   at Microsoft.EntityFrameworkCore.ChangeTracking.Internal.StateManager.SaveChanges(Boolean acceptAllChangesOnSuccess)
   at Microsoft.EntityFrameworkCore.DbContext.SaveChanges(Boolean acceptAllChangesOnSuccess)
2022-07-11 16:27:32.6150 ERROR Exception Caught
2022-07-11 16:28:40.8767 INFO GeUserstRentedMovies initiated
2022-07-11 16:28:42.6224 INFO GeUserstRentedMovies initiated
2022-07-11 16:28:49.8889 INFO GeUserstRentedMovies initiated
2022-07-11 16:29:16.8094 INFO GeUserstRentedMovies initiated
2022-07-11 16:29:35.2531 INFO GeUserstRentedMovies initiated
2022-07-11 16:29:43.4482 INFO GeUserstRentedMovies initiated
2022-07-11 16:29:58.7505 INFO GeUserstRentedMovies initiated
2022-07-11 16:30:00.5221 INFO GeUserstRentedMovies initiated
2022-07-11 16:30:05.2383 INFO GeUserstRentedMovies initiated
2022-07-11 16:32:54.2551 INFO AddMovie initiated
2022-07-11 16:32:54.2610 ERROR Failed executing DbCommand (3ms) [Parameters=[@p0='?' (Size = 4000), @p1='?' (DbType = Int32), @p2='?' (DbType = Int32), @p3='?' (DbType = Int32), @p4='?' (DbType = Int32)], CommandType='Text', CommandTimeout='30']
SET NOCOUNT ON;
INSERT INTO [Movies] ([Name], [OwnerId], [Price], [ProductionHouseId], [RenterId])
VALUES (@p0, @p1, @p2, @p3, @p4);
SELECT [Id]
FROM [Movies]
WHERE @@ROWCOUNT = 1 AND [Id] = scope_identity();
2022-07-11 16:32:54.2610 ERROR An exception occurred in the database while saving changes for context type 'FilmBACKEND.Models.Context'.
Microsoft.EntityFrameworkCore.DbUpdateException: An error occurred while updating the entries. See the inner exception for details.
 ---> Microsoft.Data.SqlClient.SqlException (0x80131904): The INSERT statement conflicted with the FOREIGN KEY constraint "FK_Movies_AspNetUsers_OwnerId". The conflict occurred in database "Film", table "dbo.AspNetUsers", column 'Id'.
The statement has been terminated.
   at Microsoft.Data.SqlClient.SqlConnection.OnError(SqlException exception, Boolean breakConnection, Action`1 wrapCloseInAction)
   at Microsoft.Data.SqlClient.SqlInternalConnection.OnError(SqlException exception, Boolean breakConnection, Action`1 wrapCloseInAction)
   at Microsoft.Data.SqlClient.TdsParser.ThrowExceptionAndWarning(TdsParserStateObject stateObj, Boolean callerHasConnectionLock, Boolean asyncClose)
   at Microsoft.Data.SqlClient.TdsParser.TryRun(RunBehavior runBehavior, SqlCommand cmdHandler, SqlDataReader dataStream, BulkCopySimpleResultSet bulkCopyHandler, TdsParserStateObject stateObj, Boolean& dataReady)
   at Microsoft.Data.SqlClient.SqlDataReader.TryConsumeMetaData()
   at Microsoft.Data.SqlClient.SqlDataReader.get_MetaData()
   at Microsoft.Data.SqlClient.SqlCommand.FinishExecuteReader(SqlDataReader ds, RunBehavior runBehavior, String resetOptionsString, Boolean isInternal, Boolean forDescribeParameterEncryption, Boolean shouldCacheForAlwaysEncrypted)
   at Microsoft.Data.SqlClient.SqlCommand.RunExecuteReaderTds(CommandBehavior cmdBehavior, RunBehavior runBehavior, Boolean returnStream, Boolean isAsync, Int32 timeout, Task& task, Boolean asyncWrite, Boolean inRetry, SqlDataReader ds, Boolean describeParameterEncryptionRequest)
   at Microsoft.Data.SqlClient.SqlCommand.RunExecuteReader(CommandBehavior cmdBehavior, RunBehavior runBehavior, Boolean returnStream, TaskCompletionSource`1 completion, Int32 timeout, Task& task, Boolean& usedCache, Boolean asyncWrite, Boolean inRetry, String method)
   at Microsoft.Data.SqlClient.SqlCommand.RunExecuteReader(CommandBehavior cmdBehavior, RunBehavior runBehavior, Boolean returnStream, String method)
   at Microsoft.Data.SqlClient.SqlCommand.ExecuteReader(CommandBehavior behavior)
   at Microsoft.Data.SqlClient.SqlCommand.ExecuteDbDataReader(CommandBehavior behavior)
   at System.Data.Common.DbCommand.ExecuteReader()
   at Microsoft.EntityFrameworkCore.Storage.RelationalCommand.ExecuteReader(RelationalCommandParameterObject parameterObject)
   at Microsoft.EntityFrameworkCore.Update.ReaderModificationCommandBatch.Execute(IRelationalConnection connection)
ClientConnectionId:87476089-b2dd-45d9-99f1-b8e666e6e4df
Error Number:547,State:0,Class:16
   --- End of inner exception stack trace ---
   at Microsoft.EntityFrameworkCore.Update.ReaderModificationCommandBatch.Execute(IRelationalConnection connection)
   at Microsoft.EntityFrameworkCore.Update.Internal.BatchExecutor.Execute(IEnumerable`1 commandBatches, IRelationalConnection connection)
   at Microsoft.EntityFrameworkCore.Storage.RelationalDatabase.SaveChanges(IList`1 entries)
   at Microsoft.EntityFrameworkCore.ChangeTracking.Internal.StateManager.SaveChanges(IList`1 entriesToSave)
   at Microsoft.EntityFrameworkCore.ChangeTracking.Internal.StateManager.SaveChanges(DbContext _, Boolean acceptAllChangesOnSuccess)
   at Microsoft.EntityFrameworkCore.SqlServer.Storage.Internal.SqlServerExecutionStrategy.Execute[TState,TResult](TState state, Func`3 operation, Func`3 verifySucceeded)
   at Microsoft.EntityFrameworkCore.ChangeTracking.Internal.StateManager.SaveChanges(Boolean acceptAllChangesOnSuccess)
   at Microsoft.EntityFrameworkCore.DbContext.SaveChanges(Boolean acceptAllChangesOnSuccess)
2022-07-11 16:32:54.3014 ERROR Exception Caught
2022-07-11 16:33:10.4926 INFO GeUserstRentedMovies initiated
2022-07-11 16:33:13.5362 INFO GeUserstRentedMovies initiated
2022-07-11 16:33:19.4621 INFO AddMovie initiated
2022-07-11 16:33:19.4655 ERROR Failed executing DbCommand (2ms) [Parameters=[@p0='?' (Size = 4000), @p1='?' (DbType = Int32), @p2='?' (DbType = Int32), @p3='?' (DbType = Int32), @p4='?' (DbType = Int32)], CommandType='Text', CommandTimeout='30']
SET NOCOUNT ON;
INSERT INTO [Movies] ([Name], [OwnerId], [Price], [ProductionHouseId], [RenterId])
VALUES (@p0, @p1, @p2, @p3, @p4);
SELECT [Id]
FROM [Movies]
WHERE @@ROWCOUNT = 1 AND [Id] = scope_identity();
2022-07-11 16:33:19.4655 ERROR An exception occurred in the database while saving changes for context type 'FilmBACKEND.Models.Context'.
Microsoft.EntityFrameworkCore.DbUpdateException: An error occurred while updating the entries. See the inner exception for details.
 ---> Microsoft.Data.SqlClient.SqlException (0x80131904): The INSERT statement conflicted with the FOREIGN KEY constraint "FK_Movies_AspNetUsers_OwnerId". The conflict occurred in database "Film", table "dbo.AspNetUsers", column 'Id'.
The statement has been terminated.
   at Microsoft.Data.SqlClient.SqlConnection.OnError(SqlException exception, Boolean breakConnection, Action`1 wrapCloseInAction)
   at Microsoft.Data.SqlClient.SqlInternalConnection.OnError(SqlException exception, Boolean breakConnection, Action`1 wrapCloseInAction)
   at Microsoft.Data.SqlClient.TdsParser.ThrowExceptionAndWarning(TdsParserStateObject stateObj, Boolean callerHasConnectionLock, Boolean asyncClose)
   at Microsoft.Data.SqlClient.TdsParser.TryRun(RunBehavior runBehavior, SqlCommand cmdHandler, SqlDataReader dataStream, BulkCopySimpleResultSet bulkCopyHandler, TdsParserStateObject stateObj, Boolean& dataReady)
   at Microsoft.Data.SqlClient.SqlDataReader.TryConsumeMetaData()
   at Microsoft.Data.SqlClient.SqlDataReader.get_MetaData()
   at Microsoft.Data.SqlClient.SqlCommand.FinishExecuteReader(SqlDataReader ds, RunBehavior runBehavior, String resetOptionsString, Boolean isInternal, Boolean forDescribeParameterEncryption, Boolean shouldCacheForAlwaysEncrypted)
   at Microsoft.Data.SqlClient.SqlCommand.RunExecuteReaderTds(CommandBehavior cmdBehavior, RunBehavior runBehavior, Boolean returnStream, Boolean isAsync, Int32 timeout, Task& task, Boolean asyncWrite, Boolean inRetry, SqlDataReader ds, Boolean describeParameterEncryptionRequest)
   at Microsoft.Data.SqlClient.SqlCommand.RunExecuteReader(CommandBehavior cmdBehavior, RunBehavior runBehavior, Boolean returnStream, TaskCompletionSource`1 completion, Int32 timeout, Task& task, Boolean& usedCache, Boolean asyncWrite, Boolean inRetry, String method)
   at Microsoft.Data.SqlClient.SqlCommand.RunExecuteReader(CommandBehavior cmdBehavior, RunBehavior runBehavior, Boolean returnStream, String method)
   at Microsoft.Data.SqlClient.SqlCommand.ExecuteReader(CommandBehavior behavior)
   at Microsoft.Data.SqlClient.SqlCommand.ExecuteDbDataReader(CommandBehavior behavior)
   at System.Data.Common.DbCommand.ExecuteReader()
   at Microsoft.EntityFrameworkCore.Storage.RelationalCommand.ExecuteReader(RelationalCommandParameterObject parameterObject)
   at Microsoft.EntityFrameworkCore.Update.ReaderModificationCommandBatch.Execute(IRelationalConnection connection)
ClientConnectionId:87476089-b2dd-45d9-99f1-b8e666e6e4df
Error Number:547,State:0,Class:16
   --- End of inner exception stack trace ---
   at Microsoft.EntityFrameworkCore.Update.ReaderModificationCommandBatch.Execute(IRelationalConnection connection)
   at Microsoft.EntityFrameworkCore.Update.Internal.BatchExecutor.Execute(IEnumerable`1 commandBatches, IRelationalConnection connection)
   at Microsoft.EntityFrameworkCore.Storage.RelationalDatabase.SaveChanges(IList`1 entries)
   at Microsoft.EntityFrameworkCore.ChangeTracking.Internal.StateManager.SaveChanges(IList`1 entriesToSave)
   at Microsoft.EntityFrameworkCore.ChangeTracking.Internal.StateManager.SaveChanges(DbContext _, Boolean acceptAllChangesOnSuccess)
   at Microsoft.EntityFrameworkCore.SqlServer.Storage.Internal.SqlServerExecutionStrategy.Execute[TState,TResult](TState state, Func`3 operation, Func`3 verifySucceeded)
   at Microsoft.EntityFrameworkCore.ChangeTracking.Internal.StateManager.SaveChanges(Boolean acceptAllChangesOnSuccess)
   at Microsoft.EntityFrameworkCore.DbContext.SaveChanges(Boolean acceptAllChangesOnSuccess)
2022-07-11 16:33:19.5121 ERROR Exception Caught
2022-07-11 16:33:53.0177 INFO GeUserstRentedMovies initiated
2022-07-11 16:40:18.9834 INFO GeUserstRentedMovies initiated
2022-07-11 16:40:25.3403 INFO GeUserstRentedMovies initiated
2022-07-11 16:40:30.1734 INFO GeUserstRentedMovies initiated
2022-07-11 16:40:48.1780 INFO GeUserstRentedMovies initiated
2022-07-11 16:40:49.5973 INFO GeUserstRentedMovies initiated
2022-07-11 16:40:52.4301 INFO GeUserstRentedMovies initiated
2022-07-11 16:40:55.4764 INFO GeUserstRentedMovies initiated
2022-07-11 16:41:07.5460 INFO AddMovie initiated
2022-07-11 16:41:07.5460 ERROR Failed executing DbCommand (6ms) [Parameters=[@p0='?' (Size = 4000), @p1='?' (DbType = Int32), @p2='?' (DbType = Int32), @p3='?' (DbType = Int32), @p4='?' (DbType = Int32)], CommandType='Text', CommandTimeout='30']
SET NOCOUNT ON;
INSERT INTO [Movies] ([Name], [OwnerId], [Price], [ProductionHouseId], [RenterId])
VALUES (@p0, @p1, @p2, @p3, @p4);
SELECT [Id]
FROM [Movies]
WHERE @@ROWCOUNT = 1 AND [Id] = scope_identity();
2022-07-11 16:41:07.5569 ERROR An exception occurred in the database while saving changes for context type 'FilmBACKEND.Models.Context'.
Microsoft.EntityFrameworkCore.DbUpdateException: An error occurred while updating the entries. See the inner exception for details.
 ---> Microsoft.Data.SqlClient.SqlException (0x80131904): The INSERT statement conflicted with the FOREIGN KEY constraint "FK_Movies_AspNetUsers_OwnerId". The conflict occurred in database "Film", table "dbo.AspNetUsers", column 'Id'.
The statement has been terminated.
   at Microsoft.Data.SqlClient.SqlConnection.OnError(SqlException exception, Boolean breakConnection, Action`1 wrapCloseInAction)
   at Microsoft.Data.SqlClient.SqlInternalConnection.OnError(SqlException exception, Boolean breakConnection, Action`1 wrapCloseInAction)
   at Microsoft.Data.SqlClient.TdsParser.ThrowExceptionAndWarning(TdsParserStateObject stateObj, Boolean callerHasConnectionLock, Boolean asyncClose)
   at Microsoft.Data.SqlClient.TdsParser.TryRun(RunBehavior runBehavior, SqlCommand cmdHandler, SqlDataReader dataStream, BulkCopySimpleResultSet bulkCopyHandler, TdsParserStateObject stateObj, Boolean& dataReady)
   at Microsoft.Data.SqlClient.SqlDataReader.TryConsumeMetaData()
   at Microsoft.Data.SqlClient.SqlDataReader.get_MetaData()
   at Microsoft.Data.SqlClient.SqlCommand.FinishExecuteReader(SqlDataReader ds, RunBehavior runBehavior, String resetOptionsString, Boolean isInternal, Boolean forDescribeParameterEncryption, Boolean shouldCacheForAlwaysEncrypted)
   at Microsoft.Data.SqlClient.SqlCommand.RunExecuteReaderTds(CommandBehavior cmdBehavior, RunBehavior runBehavior, Boolean returnStream, Boolean isAsync, Int32 timeout, Task& task, Boolean asyncWrite, Boolean inRetry, SqlDataReader ds, Boolean describeParameterEncryptionRequest)
   at Microsoft.Data.SqlClient.SqlCommand.RunExecuteReader(CommandBehavior cmdBehavior, RunBehavior runBehavior, Boolean returnStream, TaskCompletionSource`1 completion, Int32 timeout, Task& task, Boolean& usedCache, Boolean asyncWrite, Boolean inRetry, String method)
   at Microsoft.Data.SqlClient.SqlCommand.RunExecuteReader(CommandBehavior cmdBehavior, RunBehavior runBehavior, Boolean returnStream, String method)
   at Microsoft.Data.SqlClient.SqlCommand.ExecuteReader(CommandBehavior behavior)
   at Microsoft.Data.SqlClient.SqlCommand.ExecuteDbDataReader(CommandBehavior behavior)
   at System.Data.Common.DbCommand.ExecuteReader()
   at Microsoft.EntityFrameworkCore.Storage.RelationalCommand.ExecuteReader(RelationalCommandParameterObject parameterObject)
   at Microsoft.EntityFrameworkCore.Update.ReaderModificationCommandBatch.Execute(IRelationalConnection connection)
ClientConnectionId:7bf00ce9-05e8-4955-9b3b-f34e9b7b73ba
Error Number:547,State:0,Class:16
   --- End of inner exception stack trace ---
   at Microsoft.EntityFrameworkCore.Update.ReaderModificationCommandBatch.Execute(IRelationalConnection connection)
   at Microsoft.EntityFrameworkCore.Update.Internal.BatchExecutor.Execute(IEnumerable`1 commandBatches, IRelationalConnection connection)
   at Microsoft.EntityFrameworkCore.Storage.RelationalDatabase.SaveChanges(IList`1 entries)
   at Microsoft.EntityFrameworkCore.ChangeTracking.Internal.StateManager.SaveChanges(IList`1 entriesToSave)
   at Microsoft.EntityFrameworkCore.ChangeTracking.Internal.StateManager.SaveChanges(DbContext _, Boolean acceptAllChangesOnSuccess)
   at Microsoft.EntityFrameworkCore.SqlServer.Storage.Internal.SqlServerExecutionStrategy.Execute[TState,TResult](TState state, Func`3 operation, Func`3 verifySucceeded)
   at Microsoft.EntityFrameworkCore.ChangeTracking.Internal.StateManager.SaveChanges(Boolean acceptAllChangesOnSuccess)
   at Microsoft.EntityFrameworkCore.DbContext.SaveChanges(Boolean acceptAllChangesOnSuccess)
2022-07-11 16:41:07.5857 ERROR Exception Caught
2022-07-11 16:41:35.5869 INFO GeUserstRentedMovies initiated
2022-07-11 16:41:58.1836 INFO GeUserstRentedMovies initiated
2022-07-11 16:42:08.8353 INFO GeUserstRentedMovies initiated
2022-07-11 16:42:10.7660 INFO GeUserstRentedMovies initiated
2022-07-11 16:42:15.1690 INFO AddMovie initiated
2022-07-11 16:42:15.1690 ERROR Failed executing DbCommand (4ms) [Parameters=[@p0='?' (Size = 4000), @p1='?' (DbType = Int32), @p2='?' (DbType = Int32), @p3='?' (DbType = Int32), @p4='?' (DbType = Int32)], CommandType='Text', CommandTimeout='30']
SET NOCOUNT ON;
INSERT INTO [Movies] ([Name], [OwnerId], [Price], [ProductionHouseId], [RenterId])
VALUES (@p0, @p1, @p2, @p3, @p4);
SELECT [Id]
FROM [Movies]
WHERE @@ROWCOUNT = 1 AND [Id] = scope_identity();
2022-07-11 16:42:15.1690 ERROR An exception occurred in the database while saving changes for context type 'FilmBACKEND.Models.Context'.
Microsoft.EntityFrameworkCore.DbUpdateException: An error occurred while updating the entries. See the inner exception for details.
 ---> Microsoft.Data.SqlClient.SqlException (0x80131904): The INSERT statement conflicted with the FOREIGN KEY constraint "FK_Movies_AspNetUsers_OwnerId". The conflict occurred in database "Film", table "dbo.AspNetUsers", column 'Id'.
The statement has been terminated.
   at Microsoft.Data.SqlClient.SqlConnection.OnError(SqlException exception, Boolean breakConnection, Action`1 wrapCloseInAction)
   at Microsoft.Data.SqlClient.SqlInternalConnection.OnError(SqlException exception, Boolean breakConnection, Action`1 wrapCloseInAction)
   at Microsoft.Data.SqlClient.TdsParser.ThrowExceptionAndWarning(TdsParserStateObject stateObj, Boolean callerHasConnectionLock, Boolean asyncClose)
   at Microsoft.Data.SqlClient.TdsParser.TryRun(RunBehavior runBehavior, SqlCommand cmdHandler, SqlDataReader dataStream, BulkCopySimpleResultSet bulkCopyHandler, TdsParserStateObject stateObj, Boolean& dataReady)
   at Microsoft.Data.SqlClient.SqlDataReader.TryConsumeMetaData()
   at Microsoft.Data.SqlClient.SqlDataReader.get_MetaData()
   at Microsoft.Data.SqlClient.SqlCommand.FinishExecuteReader(SqlDataReader ds, RunBehavior runBehavior, String resetOptionsString, Boolean isInternal, Boolean forDescribeParameterEncryption, Boolean shouldCacheForAlwaysEncrypted)
   at Microsoft.Data.SqlClient.SqlCommand.RunExecuteReaderTds(CommandBehavior cmdBehavior, RunBehavior runBehavior, Boolean returnStream, Boolean isAsync, Int32 timeout, Task& task, Boolean asyncWrite, Boolean inRetry, SqlDataReader ds, Boolean describeParameterEncryptionRequest)
   at Microsoft.Data.SqlClient.SqlCommand.RunExecuteReader(CommandBehavior cmdBehavior, RunBehavior runBehavior, Boolean returnStream, TaskCompletionSource`1 completion, Int32 timeout, Task& task, Boolean& usedCache, Boolean asyncWrite, Boolean inRetry, String method)
   at Microsoft.Data.SqlClient.SqlCommand.RunExecuteReader(CommandBehavior cmdBehavior, RunBehavior runBehavior, Boolean returnStream, String method)
   at Microsoft.Data.SqlClient.SqlCommand.ExecuteReader(CommandBehavior behavior)
   at Microsoft.Data.SqlClient.SqlCommand.ExecuteDbDataReader(CommandBehavior behavior)
   at System.Data.Common.DbCommand.ExecuteReader()
   at Microsoft.EntityFrameworkCore.Storage.RelationalCommand.ExecuteReader(RelationalCommandParameterObject parameterObject)
   at Microsoft.EntityFrameworkCore.Update.ReaderModificationCommandBatch.Execute(IRelationalConnection connection)
ClientConnectionId:7bf00ce9-05e8-4955-9b3b-f34e9b7b73ba
Error Number:547,State:0,Class:16
   --- End of inner exception stack trace ---
   at Microsoft.EntityFrameworkCore.Update.ReaderModificationCommandBatch.Execute(IRelationalConnection connection)
   at Microsoft.EntityFrameworkCore.Update.Internal.BatchExecutor.Execute(IEnumerable`1 commandBatches, IRelationalConnection connection)
   at Microsoft.EntityFrameworkCore.Storage.RelationalDatabase.SaveChanges(IList`1 entries)
   at Microsoft.EntityFrameworkCore.ChangeTracking.Internal.StateManager.SaveChanges(IList`1 entriesToSave)
   at Microsoft.EntityFrameworkCore.ChangeTracking.Internal.StateManager.SaveChanges(DbContext _, Boolean acceptAllChangesOnSuccess)
   at Microsoft.EntityFrameworkCore.SqlServer.Storage.Internal.SqlServerExecutionStrategy.Execute[TState,TResult](TState state, Func`3 operation, Func`3 verifySucceeded)
   at Microsoft.EntityFrameworkCore.ChangeTracking.Internal.StateManager.SaveChanges(Boolean acceptAllChangesOnSuccess)
   at Microsoft.EntityFrameworkCore.DbContext.SaveChanges(Boolean acceptAllChangesOnSuccess)
2022-07-11 16:42:15.2106 ERROR Exception Caught
2022-07-11 16:42:34.7438 INFO GeUserstRentedMovies initiated
2022-07-11 16:42:37.9950 INFO GeUserstRentedMovies initiated
2022-07-11 16:42:41.5499 INFO AddMovie initiated
2022-07-11 16:42:55.8171 INFO GetMoviesList initiated
2022-07-11 16:43:25.1145 INFO AddMovie initiated
2022-07-11 16:43:39.8932 INFO AddMovie initiated
2022-07-11 16:43:42.6532 INFO GeUserstRentedMovies initiated
2022-07-11 16:43:48.2963 INFO AddMovie initiated
2022-07-11 16:43:49.5415 INFO AddMovie initiated
2022-07-11 16:43:50.1556 INFO AddMovie initiated
2022-07-11 16:43:50.6209 INFO AddMovie initiated
2022-07-11 16:43:51.0506 INFO AddMovie initiated
2022-07-11 16:43:51.4656 INFO AddMovie initiated
2022-07-11 16:43:51.8547 INFO AddMovie initiated
2022-07-11 16:43:52.2404 INFO AddMovie initiated
2022-07-11 16:43:52.6427 INFO AddMovie initiated
2022-07-11 16:43:59.4259 INFO GeUserstRentedMovies initiated
2022-07-11 16:44:06.2202 INFO GeUserstRentedMovies initiated
2022-07-11 16:44:08.1082 INFO GetUnRentedMovies initiated
2022-07-11 16:44:24.2450 INFO GeUserstRentedMovies initiated
2022-07-11 16:44:24.2910 INFO GetUnRentedMovies initiated
2022-07-11 17:02:17.7403 INFO GeUserstRentedMovies initiated
2022-07-11 17:02:17.7757 INFO GetUnRentedMovies initiated
2022-07-11 17:05:36.2073 WARN Role (null) validation failed: DuplicateRoleName;DuplicateRoleName.
2022-07-11 17:05:36.2393 WARN Role (null) validation failed: DuplicateRoleName;DuplicateRoleName.
2022-07-11 17:05:36.2393 WARN Role (null) validation failed: DuplicateRoleName;DuplicateRoleName.
2022-07-11 17:05:38.6610 INFO GetMoviesList initiated
2022-07-11 17:05:49.6329 INFO GetUnRentedMovies initiated
2022-07-11 17:06:07.2957 INFO GeUserstRentedMovies initiated
2022-07-11 17:06:07.2957 INFO GetUnRentedMovies initiated
2022-07-11 17:06:19.0908 INFO GeUserstRentedMovies initiated
2022-07-11 17:06:19.1529 INFO GetUnRentedMovies initiated
2022-07-11 17:07:01.7872 INFO GeUserstRentedMovies initiated
2022-07-11 17:07:01.8388 INFO GetUnRentedMovies initiated
2022-07-11 17:07:06.3165 INFO GeUserstRentedMovies initiated
2022-07-11 17:07:06.3693 INFO GetUnRentedMovies initiated
2022-07-11 17:07:39.4586 INFO GeUserstRentedMovies initiated
2022-07-11 17:07:39.5172 INFO GetUnRentedMovies initiated
2022-07-11 17:10:05.3123 INFO GeUserstRentedMovies initiated
2022-07-11 17:10:05.3618 INFO GetUnRentedMovies initiated
2022-07-11 17:10:27.3955 INFO GeUserstRentedMovies initiated
2022-07-11 17:10:27.4575 INFO GetUnRentedMovies initiated
2022-07-11 17:11:16.3394 INFO GeUserstRentedMovies initiated
2022-07-11 17:11:16.4041 INFO GetUnRentedMovies initiated
2022-07-11 17:11:25.0726 INFO GeUserstRentedMovies initiated
2022-07-11 17:11:25.1238 INFO GetUnRentedMovies initiated
2022-07-11 17:13:51.5479 INFO GeUserstRentedMovies initiated
2022-07-11 17:13:51.6115 INFO GetUnRentedMovies initiated
2022-07-11 17:14:00.8339 INFO GeUserstRentedMovies initiated
2022-07-11 17:14:00.8776 INFO GetUnRentedMovies initiated
2022-07-11 17:14:04.2680 INFO GeUserstRentedMovies initiated
2022-07-11 17:14:04.3187 INFO GetUnRentedMovies initiated
2022-07-11 17:14:08.2021 INFO GeUserstRentedMovies initiated
2022-07-11 17:14:08.2336 INFO GetUnRentedMovies initiated
2022-07-11 17:18:38.5959 INFO GeUserstRentedMovies initiated
2022-07-11 17:18:38.6409 INFO GetUnRentedMovies initiated
2022-07-11 17:19:12.4169 INFO GeUserstRentedMovies initiated
2022-07-11 17:19:12.6814 INFO GetUnRentedMovies initiated
2022-07-11 17:26:56.4182 INFO GeUserstRentedMovies initiated
2022-07-11 17:26:56.4610 INFO GetUnRentedMovies initiated
2022-07-11 17:27:12.8416 INFO GeUserstRentedMovies initiated
2022-07-11 17:27:12.9159 INFO GetUnRentedMovies initiated
2022-07-11 17:40:23.9074 INFO GeUserstRentedMovies initiated
2022-07-11 17:40:24.1487 INFO GetUnRentedMovies initiated
2022-07-11 17:40:26.4938 INFO GeUserstRentedMovies initiated
2022-07-11 17:40:26.6151 INFO GetUnRentedMovies initiated
2022-07-11 17:40:38.6026 INFO GeUserstRentedMovies initiated
2022-07-11 17:40:38.6463 INFO GetUnRentedMovies initiated
2022-07-11 17:41:00.5598 INFO GeUserstRentedMovies initiated
2022-07-11 17:41:00.6065 INFO GetUnRentedMovies initiated
2022-07-11 17:41:01.3904 INFO GeUserstRentedMovies initiated
2022-07-11 17:41:01.6061 INFO GetUnRentedMovies initiated
2022-07-11 17:41:03.2897 INFO GeUserstRentedMovies initiated
2022-07-11 17:41:03.4032 INFO GetUnRentedMovies initiated
2022-07-11 17:42:10.7870 INFO GeUserstRentedMovies initiated
2022-07-11 17:42:10.8471 INFO GetUnRentedMovies initiated
2022-07-11 17:42:12.3412 INFO GeUserstRentedMovies initiated
2022-07-11 17:42:12.5221 INFO GetUnRentedMovies initiated
2022-07-11 17:42:29.9058 INFO GeUserstRentedMovies initiated
2022-07-11 17:42:29.9581 INFO GetUnRentedMovies initiated
2022-07-11 17:42:46.8408 INFO GeUserstRentedMovies initiated
2022-07-11 17:42:46.8906 INFO GetUnRentedMovies initiated
2022-07-11 17:42:49.9210 INFO GeUserstRentedMovies initiated
2022-07-11 17:42:49.9468 INFO GetUnRentedMovies initiated
2022-07-11 17:43:36.7653 INFO GeUserstRentedMovies initiated
2022-07-11 17:43:36.8128 INFO GetUnRentedMovies initiated
2022-07-11 17:43:44.6478 INFO GeUserstRentedMovies initiated
2022-07-11 17:43:44.6924 INFO GetUnRentedMovies initiated
2022-07-11 17:43:50.3823 INFO GeUserstRentedMovies initiated
2022-07-11 17:43:50.4366 INFO GetUnRentedMovies initiated
2022-07-11 17:43:55.0014 INFO GeUserstRentedMovies initiated
2022-07-11 17:43:55.0388 INFO GetUnRentedMovies initiated
2022-07-11 17:44:21.7179 INFO GeUserstRentedMovies initiated
2022-07-11 17:44:21.7624 INFO GetUnRentedMovies initiated
2022-07-11 17:44:29.6012 INFO GeUserstRentedMovies initiated
2022-07-11 17:44:29.6354 INFO GetUnRentedMovies initiated
2022-07-11 17:44:32.5369 INFO GeUserstRentedMovies initiated
2022-07-11 17:44:32.5623 INFO GetUnRentedMovies initiated
2022-07-11 17:45:53.1573 INFO GeUserstRentedMovies initiated
2022-07-11 17:45:53.2179 INFO GetUnRentedMovies initiated
2022-07-11 17:45:55.8528 INFO GeUserstRentedMovies initiated
2022-07-11 17:45:55.8844 INFO GetUnRentedMovies initiated
2022-07-11 17:46:01.6793 INFO GeUserstRentedMovies initiated
2022-07-11 17:46:01.7162 INFO GetUnRentedMovies initiated
2022-07-11 17:46:05.9067 INFO GeUserstRentedMovies initiated
2022-07-11 17:46:05.9494 INFO GetUnRentedMovies initiated
2022-07-11 17:46:17.6391 INFO GeUserstRentedMovies initiated
2022-07-11 17:46:17.6983 INFO GetUnRentedMovies initiated
2022-07-11 17:46:23.7127 INFO GeUserstRentedMovies initiated
2022-07-11 17:46:23.7516 INFO GetUnRentedMovies initiated
2022-07-11 17:46:29.2136 INFO GeUserstRentedMovies initiated
2022-07-11 17:46:29.2510 INFO GetUnRentedMovies initiated
2022-07-11 17:46:33.0165 INFO GeUserstRentedMovies initiated
2022-07-11 17:46:33.0645 INFO GetUnRentedMovies initiated
2022-07-11 17:47:26.2204 INFO GeUserstRentedMovies initiated
2022-07-11 17:47:26.3536 INFO GetUnRentedMovies initiated
2022-07-11 17:47:26.8076 INFO GeUserstRentedMovies initiated
2022-07-11 17:47:26.8414 INFO GetUnRentedMovies initiated
2022-07-11 17:47:37.5596 INFO GeUserstRentedMovies initiated
2022-07-11 17:47:37.6166 INFO GetUnRentedMovies initiated
2022-07-11 17:50:00.7213 INFO GeUserstRentedMovies initiated
2022-07-11 17:50:00.7969 INFO GetUnRentedMovies initiated
2022-07-11 17:50:03.6790 INFO GeUserstRentedMovies initiated
2022-07-11 17:50:03.7399 INFO GetUnRentedMovies initiated
2022-07-11 17:50:06.1129 INFO GeUserstRentedMovies initiated
2022-07-11 17:50:06.2600 INFO GetUnRentedMovies initiated
2022-07-11 17:50:07.0107 INFO GeUserstRentedMovies initiated
2022-07-11 17:50:07.0369 INFO GetUnRentedMovies initiated
2022-07-11 17:50:11.8625 INFO GeUserstRentedMovies initiated
2022-07-11 17:50:11.9287 INFO GetUnRentedMovies initiated
2022-07-11 17:50:19.2695 INFO GeUserstRentedMovies initiated
2022-07-11 17:50:19.3182 INFO GetUnRentedMovies initiated
2022-07-11 17:50:44.1182 INFO GeUserstRentedMovies initiated
2022-07-11 17:50:44.2052 INFO GetUnRentedMovies initiated
2022-07-11 17:50:50.0051 INFO GeUserstRentedMovies initiated
2022-07-11 17:50:50.0478 INFO GetUnRentedMovies initiated
2022-07-11 17:55:05.9304 INFO GeUserstRentedMovies initiated
2022-07-11 17:55:05.9839 INFO GetUnRentedMovies initiated
2022-07-11 17:55:34.8487 INFO GeUserstRentedMovies initiated
2022-07-11 17:55:34.8963 INFO GetUnRentedMovies initiated
2022-07-11 17:55:44.4152 INFO GeUserstRentedMovies initiated
2022-07-11 17:55:44.5632 INFO GetUnRentedMovies initiated
2022-07-11 17:55:55.6623 INFO GeUserstRentedMovies initiated
2022-07-11 17:55:55.7140 INFO GetUnRentedMovies initiated
2022-07-11 17:56:00.3041 INFO GeUserstRentedMovies initiated
2022-07-11 17:56:00.3449 INFO GetUnRentedMovies initiated
2022-07-11 17:56:22.9385 INFO GeUserstRentedMovies initiated
2022-07-11 17:56:22.9904 INFO GetUnRentedMovies initiated
2022-07-11 17:56:26.3250 INFO GeUserstRentedMovies initiated
2022-07-11 17:56:26.3630 INFO GetUnRentedMovies initiated
2022-07-11 17:56:30.6704 INFO GeUserstRentedMovies initiated
2022-07-11 17:56:30.7098 INFO GetUnRentedMovies initiated
2022-07-11 17:56:33.1946 INFO GeUserstRentedMovies initiated
2022-07-11 17:56:33.2196 INFO GetUnRentedMovies initiated
2022-07-11 17:56:51.1227 INFO GeUserstRentedMovies initiated
2022-07-11 17:56:51.2093 INFO GetUnRentedMovies initiated
2022-07-11 17:56:55.7773 INFO GeUserstRentedMovies initiated
2022-07-11 17:56:55.8268 INFO GetUnRentedMovies initiated
2022-07-11 17:57:02.8196 INFO GeUserstRentedMovies initiated
2022-07-11 17:57:02.8772 INFO GetUnRentedMovies initiated
2022-07-11 17:57:04.7147 INFO GeUserstRentedMovies initiated
2022-07-11 17:57:04.7367 INFO GetUnRentedMovies initiated
2022-07-11 17:57:15.2578 INFO GeUserstRentedMovies initiated
2022-07-11 17:57:15.3066 INFO GetUnRentedMovies initiated
2022-07-11 17:57:26.3573 INFO GeUserstRentedMovies initiated
2022-07-11 17:57:26.4076 INFO GetUnRentedMovies initiated
2022-07-11 17:57:29.2756 INFO GeUserstRentedMovies initiated
2022-07-11 17:57:29.3189 INFO GetUnRentedMovies initiated
2022-07-11 17:57:34.0430 INFO GeUserstRentedMovies initiated
2022-07-11 17:57:34.0892 INFO GetUnRentedMovies initiated
2022-07-11 17:58:04.0880 INFO GeUserstRentedMovies initiated
2022-07-11 17:58:04.1675 INFO GetUnRentedMovies initiated
2022-07-11 17:58:05.8265 INFO GeUserstRentedMovies initiated
2022-07-11 17:58:05.8758 INFO GetUnRentedMovies initiated
2022-07-11 17:58:13.1057 INFO GeUserstRentedMovies initiated
2022-07-11 17:58:13.1657 INFO GetUnRentedMovies initiated
2022-07-11 17:59:13.1476 INFO GeUserstRentedMovies initiated
2022-07-11 17:59:13.2341 INFO GetUnRentedMovies initiated
2022-07-11 17:59:20.0880 INFO GeUserstRentedMovies initiated
2022-07-11 17:59:20.1262 INFO GetUnRentedMovies initiated
2022-07-11 17:59:52.7911 INFO GeUserstRentedMovies initiated
2022-07-11 17:59:52.8278 INFO GetUnRentedMovies initiated
2022-07-11 18:00:17.4361 INFO GeUserstRentedMovies initiated
2022-07-11 18:00:17.4743 INFO GetUnRentedMovies initiated
2022-07-11 18:00:24.8879 INFO GeUserstRentedMovies initiated
2022-07-11 18:00:24.9301 INFO GetUnRentedMovies initiated
2022-07-11 18:00:28.0868 INFO GeUserstRentedMovies initiated
2022-07-11 18:00:28.1182 INFO GetUnRentedMovies initiated
2022-07-11 18:00:31.7030 INFO GeUserstRentedMovies initiated
2022-07-11 18:00:31.7554 INFO GetUnRentedMovies initiated
2022-07-11 18:00:37.7156 INFO GeUserstRentedMovies initiated
2022-07-11 18:00:37.7635 INFO GetUnRentedMovies initiated
2022-07-11 18:00:42.4838 INFO GeUserstRentedMovies initiated
2022-07-11 18:00:42.5212 INFO GetUnRentedMovies initiated
2022-07-11 18:00:47.7348 INFO GeUserstRentedMovies initiated
2022-07-11 18:00:47.7829 INFO GetUnRentedMovies initiated
2022-07-11 18:00:55.5881 INFO GeUserstRentedMovies initiated
2022-07-11 18:00:55.6507 INFO GetUnRentedMovies initiated
2022-07-11 18:00:59.1515 INFO GeUserstRentedMovies initiated
2022-07-11 18:00:59.1896 INFO GetUnRentedMovies initiated
2022-07-11 18:01:01.0725 INFO GeUserstRentedMovies initiated
2022-07-11 18:01:01.1099 INFO GetUnRentedMovies initiated
2022-07-11 18:01:23.1905 INFO GeUserstRentedMovies initiated
2022-07-11 18:01:23.2592 INFO GetUnRentedMovies initiated
2022-07-11 18:01:30.2662 INFO GeUserstRentedMovies initiated
2022-07-11 18:01:30.3271 INFO GetUnRentedMovies initiated
2022-07-11 18:01:34.5192 INFO GeUserstRentedMovies initiated
2022-07-11 18:01:34.5774 INFO GetUnRentedMovies initiated
2022-07-11 18:01:41.5309 INFO GeUserstRentedMovies initiated
2022-07-11 18:01:41.5751 INFO GetUnRentedMovies initiated
2022-07-11 18:01:44.7953 INFO GeUserstRentedMovies initiated
2022-07-11 18:01:44.8229 INFO GetUnRentedMovies initiated
2022-07-11 18:01:47.3987 INFO GeUserstRentedMovies initiated
2022-07-11 18:01:47.4220 INFO GetUnRentedMovies initiated
2022-07-11 18:01:49.1968 INFO GeUserstRentedMovies initiated
2022-07-11 18:01:49.2606 INFO GetUnRentedMovies initiated
2022-07-11 18:01:52.9023 INFO GeUserstRentedMovies initiated
2022-07-11 18:01:52.9314 INFO GetUnRentedMovies initiated
2022-07-11 18:01:59.7338 INFO GeUserstRentedMovies initiated
2022-07-11 18:01:59.8047 INFO GetUnRentedMovies initiated
2022-07-11 18:02:05.2339 INFO GeUserstRentedMovies initiated
2022-07-11 18:02:05.3090 INFO GetUnRentedMovies initiated
2022-07-11 18:02:07.2170 INFO GeUserstRentedMovies initiated
2022-07-11 18:02:07.3066 INFO GetUnRentedMovies initiated
2022-07-11 18:05:15.2697 INFO GeUserstRentedMovies initiated
2022-07-11 18:05:15.3178 INFO GetUnRentedMovies initiated
2022-07-11 18:05:28.9534 INFO GeUserstRentedMovies initiated
2022-07-11 18:05:29.0030 INFO GetUnRentedMovies initiated
2022-07-11 18:05:42.6231 INFO GeUserstRentedMovies initiated
2022-07-11 18:05:42.6664 INFO GetUnRentedMovies initiated
2022-07-11 18:05:53.4255 INFO GeUserstRentedMovies initiated
2022-07-11 18:05:53.4699 INFO GetUnRentedMovies initiated
2022-07-11 18:06:00.5307 INFO GeUserstRentedMovies initiated
2022-07-11 18:06:00.5957 INFO GetUnRentedMovies initiated
2022-07-11 18:06:04.9664 INFO GeUserstRentedMovies initiated
2022-07-11 18:06:05.0052 INFO GetUnRentedMovies initiated
2022-07-11 18:06:06.6259 INFO GeUserstRentedMovies initiated
2022-07-11 18:06:06.6602 INFO GetUnRentedMovies initiated
2022-07-11 18:06:08.7164 INFO GeUserstRentedMovies initiated
2022-07-11 18:06:08.7482 INFO GetUnRentedMovies initiated
2022-07-11 18:06:10.9198 INFO GeUserstRentedMovies initiated
2022-07-11 18:06:10.9563 INFO GetUnRentedMovies initiated
2022-07-11 18:06:13.8836 INFO GeUserstRentedMovies initiated
2022-07-11 18:06:13.9014 INFO GetUnRentedMovies initiated
2022-07-11 18:06:24.1715 INFO GeUserstRentedMovies initiated
2022-07-11 18:06:24.2108 INFO GetUnRentedMovies initiated
2022-07-11 18:07:23.4359 INFO GeUserstRentedMovies initiated
2022-07-11 18:07:23.4966 INFO GetUnRentedMovies initiated
2022-07-11 18:07:28.1853 INFO GeUserstRentedMovies initiated
2022-07-11 18:07:28.2365 INFO GetUnRentedMovies initiated
2022-07-11 18:07:35.3708 INFO GeUserstRentedMovies initiated
2022-07-11 18:07:35.4127 INFO GetUnRentedMovies initiated
2022-07-11 18:08:34.4348 INFO GeUserstRentedMovies initiated
2022-07-11 18:08:34.4744 INFO GetUnRentedMovies initiated
2022-07-11 18:08:55.7761 INFO GeUserstRentedMovies initiated
2022-07-11 18:08:55.8305 INFO GetUnRentedMovies initiated
2022-07-11 18:08:56.8877 INFO GeUserstRentedMovies initiated
2022-07-11 18:08:56.9502 INFO GetUnRentedMovies initiated
2022-07-11 18:09:01.8710 INFO GeUserstRentedMovies initiated
2022-07-11 18:09:01.9100 INFO GetUnRentedMovies initiated
2022-07-11 18:09:29.9825 INFO GeUserstRentedMovies initiated
2022-07-11 18:09:30.0359 INFO GetUnRentedMovies initiated
2022-07-11 18:09:35.8435 INFO GeUserstRentedMovies initiated
2022-07-11 18:09:35.8774 INFO GetUnRentedMovies initiated
2022-07-11 18:09:40.1128 INFO GeUserstRentedMovies initiated
2022-07-11 18:09:40.1459 INFO GetUnRentedMovies initiated
2022-07-11 18:42:26.4379 INFO GeUserstRentedMovies initiated
2022-07-11 18:42:26.4801 INFO GetUnRentedMovies initiated
2022-07-11 18:42:43.3306 INFO GeUserstRentedMovies initiated
2022-07-11 18:42:43.4175 INFO GetUnRentedMovies initiated
2022-07-11 18:42:45.1790 INFO GeUserstRentedMovies initiated
2022-07-11 18:42:45.2337 INFO GetUnRentedMovies initiated
2022-07-11 18:42:52.6846 INFO GeUserstRentedMovies initiated
2022-07-11 18:42:52.7172 INFO GetUnRentedMovies initiated
2022-07-11 18:42:54.8587 INFO GeUserstRentedMovies initiated
2022-07-11 18:42:54.9095 INFO GetUnRentedMovies initiated
2022-07-11 18:43:14.2607 INFO GeUserstRentedMovies initiated
2022-07-11 18:43:14.3217 INFO GetUnRentedMovies initiated
2022-07-11 18:43:25.1006 INFO GeUserstRentedMovies initiated
2022-07-11 18:43:25.1395 INFO GetUnRentedMovies initiated
2022-07-11 18:43:29.9511 INFO GeUserstRentedMovies initiated
2022-07-11 18:43:30.0020 INFO GetUnRentedMovies initiated
2022-07-11 18:43:41.6907 INFO GeUserstRentedMovies initiated
2022-07-11 18:43:41.7358 INFO GetUnRentedMovies initiated
2022-07-11 18:43:47.7944 INFO GeUserstRentedMovies initiated
2022-07-11 18:43:47.8383 INFO GetUnRentedMovies initiated
2022-07-11 18:46:07.6718 INFO GeUserstRentedMovies initiated
2022-07-11 18:46:07.7916 INFO GetUnRentedMovies initiated
2022-07-11 18:49:16.5059 INFO GeUserstRentedMovies initiated
2022-07-11 18:49:16.5546 INFO GetUnRentedMovies initiated
2022-07-11 18:49:23.6901 INFO GeUserstRentedMovies initiated
2022-07-11 18:49:23.7281 INFO GetUnRentedMovies initiated
2022-07-11 18:49:31.0290 INFO GeUserstRentedMovies initiated
2022-07-11 18:49:31.0582 INFO GetUnRentedMovies initiated
2022-07-11 18:49:34.1888 INFO GeUserstRentedMovies initiated
2022-07-11 18:49:34.2501 INFO GetUnRentedMovies initiated
2022-07-11 18:49:39.7471 INFO GetUnRentedMovies initiated
2022-07-11 18:49:39.7471 INFO GeUserstRentedMovies initiated
2022-07-11 18:49:41.3741 INFO GeUserstRentedMovies initiated
2022-07-11 18:49:41.4041 INFO GetUnRentedMovies initiated
2022-07-11 18:50:05.0977 INFO GeUserstRentedMovies initiated
2022-07-11 18:50:05.1714 INFO GetUnRentedMovies initiated
2022-07-11 18:50:06.6701 INFO GeUserstRentedMovies initiated
2022-07-11 18:50:06.7246 INFO GetUnRentedMovies initiated
2022-07-11 18:50:10.7955 INFO GeUserstRentedMovies initiated
2022-07-11 18:50:10.8439 INFO GetUnRentedMovies initiated
2022-07-11 18:50:23.6368 INFO GeUserstRentedMovies initiated
2022-07-11 18:50:23.6835 INFO GetUnRentedMovies initiated
2022-07-11 18:50:33.5526 INFO GeUserstRentedMovies initiated
2022-07-11 18:50:33.6247 INFO GetUnRentedMovies initiated
2022-07-11 18:50:36.6717 INFO GeUserstRentedMovies initiated
2022-07-11 18:50:36.7082 INFO GetUnRentedMovies initiated
2022-07-11 18:50:50.4177 INFO GeUserstRentedMovies initiated
2022-07-11 18:50:50.4981 INFO GetUnRentedMovies initiated
2022-07-11 18:50:53.3225 INFO GeUserstRentedMovies initiated
2022-07-11 18:50:53.4249 INFO GetUnRentedMovies initiated
2022-07-11 18:51:01.2710 INFO GeUserstRentedMovies initiated
2022-07-11 18:51:01.3745 INFO GetUnRentedMovies initiated
2022-07-11 18:51:07.3620 INFO GeUserstRentedMovies initiated
2022-07-11 18:51:07.4384 INFO GetUnRentedMovies initiated
2022-07-11 18:51:11.7480 INFO GeUserstRentedMovies initiated
2022-07-11 18:51:11.7910 INFO GetUnRentedMovies initiated
2022-07-11 18:51:17.5242 INFO GeUserstRentedMovies initiated
2022-07-11 18:51:17.5612 INFO GetUnRentedMovies initiated
2022-07-11 18:51:39.9261 INFO GeUserstRentedMovies initiated
2022-07-11 18:51:39.9862 INFO GetUnRentedMovies initiated
2022-07-11 18:51:42.3530 INFO GeUserstRentedMovies initiated
2022-07-11 18:51:42.4241 INFO GetUnRentedMovies initiated
2022-07-11 18:51:50.0925 INFO GeUserstRentedMovies initiated
2022-07-11 18:51:50.1341 INFO GetUnRentedMovies initiated
2022-07-11 18:51:56.9191 INFO GeUserstRentedMovies initiated
2022-07-11 18:51:56.9606 INFO GetUnRentedMovies initiated
2022-07-11 18:52:00.3891 INFO GeUserstRentedMovies initiated
2022-07-11 18:52:00.4210 INFO GetUnRentedMovies initiated
2022-07-11 18:52:05.0141 INFO GeUserstRentedMovies initiated
2022-07-11 18:52:05.0515 INFO GetUnRentedMovies initiated
2022-07-11 18:52:13.4191 INFO GeUserstRentedMovies initiated
2022-07-11 18:52:13.4697 INFO GetUnRentedMovies initiated
2022-07-11 18:52:36.0826 INFO GetMoviesList initiated
2022-07-11 18:52:40.8041 INFO RentMovie initiated
2022-07-11 18:52:44.7901 INFO GeUserstRentedMovies initiated
2022-07-11 18:52:44.8246 INFO GetUnRentedMovies initiated
2022-07-11 18:53:09.6047 INFO GeUserstRentedMovies initiated
2022-07-11 18:53:09.6506 INFO GetUnRentedMovies initiated
2022-07-11 18:53:11.2714 INFO GeUserstRentedMovies initiated
2022-07-11 18:53:11.3018 INFO GetUnRentedMovies initiated
2022-07-11 18:53:47.4194 INFO GeUserstRentedMovies initiated
2022-07-11 18:53:47.4671 INFO GetUnRentedMovies initiated
2022-07-11 18:54:14.7762 INFO GeUserstRentedMovies initiated
2022-07-11 18:54:14.8178 INFO GetUnRentedMovies initiated
2022-07-11 18:54:31.9277 INFO GeUserstRentedMovies initiated
2022-07-11 18:54:31.9703 INFO GetUnRentedMovies initiated
2022-07-11 18:55:03.3957 INFO GeUserstRentedMovies initiated
2022-07-11 18:55:03.4412 INFO GetUnRentedMovies initiated
2022-07-11 18:55:36.9233 INFO GeUserstRentedMovies initiated
2022-07-11 18:55:36.9731 INFO GetUnRentedMovies initiated
2022-07-11 18:55:40.7716 INFO GeUserstRentedMovies initiated
2022-07-11 18:55:40.8272 INFO GetUnRentedMovies initiated
2022-07-11 18:55:47.0904 INFO GeUserstRentedMovies initiated
2022-07-11 18:55:47.1219 INFO GetUnRentedMovies initiated
2022-07-11 18:55:51.8276 INFO GeUserstRentedMovies initiated
2022-07-11 18:55:51.8698 INFO GetUnRentedMovies initiated
2022-07-11 18:55:56.1260 INFO GeUserstRentedMovies initiated
2022-07-11 18:55:56.1837 INFO GetUnRentedMovies initiated
2022-07-11 18:56:22.3360 INFO GeUserstRentedMovies initiated
2022-07-11 18:56:22.4077 INFO GetUnRentedMovies initiated
2022-07-11 18:56:24.0119 INFO GeUserstRentedMovies initiated
2022-07-11 18:56:24.0772 INFO GetUnRentedMovies initiated
2022-07-11 19:14:42.7405 INFO GeUserstRentedMovies initiated
2022-07-11 19:14:42.7950 INFO GetUnRentedMovies initiated
2022-07-11 19:14:47.4630 INFO GeUserstRentedMovies initiated
2022-07-11 19:14:47.5029 INFO GetUnRentedMovies initiated
2022-07-11 19:14:50.2885 INFO GeUserstRentedMovies initiated
2022-07-11 19:14:50.3143 INFO GetUnRentedMovies initiated
2022-07-11 19:15:00.8907 INFO GeUserstRentedMovies initiated
2022-07-11 19:15:00.9417 INFO GetUnRentedMovies initiated
2022-07-11 19:15:01.7104 INFO GeUserstRentedMovies initiated
2022-07-11 19:15:01.7355 INFO GetUnRentedMovies initiated
2022-07-11 19:15:06.0497 INFO GeUserstRentedMovies initiated
2022-07-11 19:15:06.0850 INFO GetUnRentedMovies initiated
2022-07-11 19:15:11.8697 INFO GeUserstRentedMovies initiated
2022-07-11 19:15:11.9082 INFO GetUnRentedMovies initiated
2022-07-11 19:15:21.0756 INFO GeUserstRentedMovies initiated
2022-07-11 19:15:21.1246 INFO GetUnRentedMovies initiated
2022-07-11 19:15:26.9908 INFO GeUserstRentedMovies initiated
2022-07-11 19:15:27.0335 INFO GetUnRentedMovies initiated
2022-07-11 19:24:17.8349 INFO GeUserstRentedMovies initiated
2022-07-11 19:24:17.8782 INFO GetUnRentedMovies initiated
2022-07-11 19:24:20.5775 INFO GeUserstRentedMovies initiated
2022-07-11 19:24:20.6255 INFO GetUnRentedMovies initiated
2022-07-11 19:24:21.8261 INFO GeUserstRentedMovies initiated
2022-07-11 19:24:21.8593 INFO GetUnRentedMovies initiated
2022-07-11 19:24:28.6480 INFO GeUserstRentedMovies initiated
2022-07-11 19:24:28.6929 INFO GetUnRentedMovies initiated
2022-07-11 19:24:33.7683 INFO GeUserstRentedMovies initiated
2022-07-11 19:24:33.8132 INFO GetUnRentedMovies initiated
2022-07-11 19:25:58.5262 INFO GeUserstRentedMovies initiated
2022-07-11 19:25:58.5592 INFO GetUnRentedMovies initiated
2022-07-11 19:26:05.0845 INFO GeUserstRentedMovies initiated
2022-07-11 19:26:05.1392 INFO GetUnRentedMovies initiated
2022-07-11 19:26:07.8131 INFO GeUserstRentedMovies initiated
2022-07-11 19:26:07.8552 INFO GetUnRentedMovies initiated
2022-07-11 19:26:13.7304 INFO GeUserstRentedMovies initiated
2022-07-11 19:26:13.7760 INFO GetUnRentedMovies initiated
2022-07-11 19:26:15.2254 INFO GeUserstRentedMovies initiated
2022-07-11 19:26:15.2808 INFO GetUnRentedMovies initiated
2022-07-11 19:26:30.7575 INFO GeUserstRentedMovies initiated
2022-07-11 19:26:30.8143 INFO GetUnRentedMovies initiated
2022-07-11 19:26:31.9374 INFO GeUserstRentedMovies initiated
2022-07-11 19:26:31.9997 INFO GetUnRentedMovies initiated
2022-07-11 19:26:34.9103 INFO GeUserstRentedMovies initiated
2022-07-11 19:26:34.9541 INFO GetUnRentedMovies initiated
2022-07-11 19:26:36.7303 INFO GeUserstRentedMovies initiated
2022-07-11 19:26:36.7688 INFO GetUnRentedMovies initiated
2022-07-11 19:26:40.7494 INFO GeUserstRentedMovies initiated
2022-07-11 19:26:40.7883 INFO GetUnRentedMovies initiated
2022-07-11 19:26:43.0694 INFO GeUserstRentedMovies initiated
2022-07-11 19:26:43.1051 INFO GetUnRentedMovies initiated
2022-07-11 19:26:44.5320 INFO GeUserstRentedMovies initiated
2022-07-11 19:26:44.5694 INFO GetUnRentedMovies initiated
2022-07-11 19:26:45.8249 INFO GeUserstRentedMovies initiated
2022-07-11 19:26:45.8620 INFO GetUnRentedMovies initiated
2022-07-11 19:27:41.8263 INFO GeUserstRentedMovies initiated
2022-07-11 19:27:41.8716 INFO GetUnRentedMovies initiated
2022-07-11 19:27:53.3479 INFO GeUserstRentedMovies initiated
2022-07-11 19:27:53.3954 INFO GetUnRentedMovies initiated
2022-07-11 19:27:54.9319 INFO GeUserstRentedMovies initiated
2022-07-11 19:27:54.9564 INFO GetUnRentedMovies initiated
2022-07-11 19:28:01.7200 INFO GeUserstRentedMovies initiated
2022-07-11 19:28:01.7652 INFO GetUnRentedMovies initiated
2022-07-11 19:28:05.3467 INFO GeUserstRentedMovies initiated
2022-07-11 19:28:05.3821 INFO GetUnRentedMovies initiated
2022-07-11 19:28:17.5330 INFO GeUserstRentedMovies initiated
2022-07-11 19:28:17.5770 INFO GetUnRentedMovies initiated
2022-07-11 19:29:55.5392 INFO GeUserstRentedMovies initiated
2022-07-11 19:30:01.2908 INFO GeUserstRentedMovies initiated
2022-07-11 19:30:01.8252 INFO GetUnRentedMovies initiated
2022-07-11 19:30:30.8346 INFO GeUserstRentedMovies initiated
2022-07-11 19:30:30.8805 INFO GetUnRentedMovies initiated
2022-07-11 19:30:33.8931 INFO GeUserstRentedMovies initiated
2022-07-11 19:30:33.9634 INFO GetUnRentedMovies initiated
2022-07-11 19:30:35.0744 INFO GeUserstRentedMovies initiated
2022-07-11 19:30:35.1332 INFO GetUnRentedMovies initiated
2022-07-11 19:40:11.5828 INFO GeUserstRentedMovies initiated
2022-07-11 19:40:11.6568 INFO GetUnRentedMovies initiated
2022-07-11 19:40:13.9718 INFO GeUserstRentedMovies initiated
2022-07-11 19:40:13.9984 INFO GetUnRentedMovies initiated
2022-07-11 19:40:27.9800 INFO GeUserstRentedMovies initiated
2022-07-11 19:40:28.0345 INFO GetUnRentedMovies initiated
2022-07-11 19:41:01.7807 INFO GeUserstRentedMovies initiated
2022-07-11 19:41:01.8423 INFO GetUnRentedMovies initiated
2022-07-11 19:41:11.6157 INFO GeUserstRentedMovies initiated
2022-07-11 19:41:11.8572 INFO GetUnRentedMovies initiated
2022-07-11 19:41:22.8262 INFO GeUserstRentedMovies initiated
2022-07-11 19:41:22.8781 INFO GetUnRentedMovies initiated
2022-07-11 19:41:34.0440 INFO GeUserstRentedMovies initiated
2022-07-11 19:41:34.1102 INFO GetUnRentedMovies initiated
2022-07-11 19:41:46.0036 INFO GeUserstRentedMovies initiated
2022-07-11 19:41:46.0538 INFO GetUnRentedMovies initiated
2022-07-11 19:42:12.6055 INFO GeUserstRentedMovies initiated
2022-07-11 19:42:12.6681 INFO GetUnRentedMovies initiated
2022-07-11 19:42:18.0104 INFO GeUserstRentedMovies initiated
2022-07-11 19:42:18.0619 INFO GetUnRentedMovies initiated
2022-07-11 19:42:19.2689 INFO GeUserstRentedMovies initiated
2022-07-11 19:42:19.3737 INFO GetUnRentedMovies initiated
2022-07-11 19:42:20.9833 INFO GeUserstRentedMovies initiated
2022-07-11 19:42:21.0296 INFO GetUnRentedMovies initiated
2022-07-11 19:42:43.8031 INFO GeUserstRentedMovies initiated
2022-07-11 19:42:43.9346 INFO GetUnRentedMovies initiated
2022-07-11 19:42:51.3314 INFO GeUserstRentedMovies initiated
2022-07-11 19:42:51.4348 INFO GetUnRentedMovies initiated
2022-07-11 19:43:03.4517 INFO GeUserstRentedMovies initiated
2022-07-11 19:43:03.5865 INFO GetUnRentedMovies initiated
2022-07-11 19:43:27.7274 INFO GeUserstRentedMovies initiated
2022-07-11 19:43:27.7782 INFO GetUnRentedMovies initiated
2022-07-11 19:43:40.5011 INFO GeUserstRentedMovies initiated
2022-07-11 19:43:40.5505 INFO GetUnRentedMovies initiated
2022-07-11 19:43:51.7898 INFO GeUserstRentedMovies initiated
2022-07-11 19:43:51.8479 INFO GetUnRentedMovies initiated
2022-07-11 19:43:57.0553 INFO GeUserstRentedMovies initiated
2022-07-11 19:43:57.1195 INFO GetUnRentedMovies initiated
2022-07-11 19:44:07.6030 INFO GeUserstRentedMovies initiated
2022-07-11 19:44:07.6541 INFO GetUnRentedMovies initiated
2022-07-11 19:44:13.4502 INFO GeUserstRentedMovies initiated
2022-07-11 19:44:13.4948 INFO GetUnRentedMovies initiated
2022-07-11 19:44:14.7517 INFO GeUserstRentedMovies initiated
2022-07-11 19:44:14.7821 INFO GetUnRentedMovies initiated
2022-07-11 19:44:18.8815 INFO GeUserstRentedMovies initiated
2022-07-11 19:44:18.9272 INFO GetUnRentedMovies initiated
2022-07-11 19:44:37.9542 INFO GeUserstRentedMovies initiated
2022-07-11 19:44:38.0043 INFO GetUnRentedMovies initiated
2022-07-11 19:44:43.2759 INFO GeUserstRentedMovies initiated
2022-07-11 19:44:43.3337 INFO GetUnRentedMovies initiated
2022-07-11 19:44:51.3886 INFO GeUserstRentedMovies initiated
2022-07-11 19:44:51.4474 INFO GetUnRentedMovies initiated
2022-07-11 19:45:18.7739 INFO GeUserstRentedMovies initiated
2022-07-11 19:45:18.8302 INFO GetUnRentedMovies initiated
2022-07-11 19:45:41.8199 INFO GeUserstRentedMovies initiated
2022-07-11 19:45:41.8964 INFO GetUnRentedMovies initiated
2022-07-11 19:46:36.6319 INFO GeUserstRentedMovies initiated
2022-07-11 19:46:36.6781 INFO GetUnRentedMovies initiated
2022-07-11 19:46:40.5154 INFO GeUserstRentedMovies initiated
2022-07-11 19:46:40.5657 INFO GetUnRentedMovies initiated
2022-07-11 19:46:44.6966 INFO GeUserstRentedMovies initiated
2022-07-11 19:46:44.7543 INFO GetUnRentedMovies initiated
2022-07-11 19:46:57.5085 INFO GeUserstRentedMovies initiated
2022-07-11 19:46:57.5745 INFO GetUnRentedMovies initiated
2022-07-11 19:47:06.0382 INFO GeUserstRentedMovies initiated
2022-07-11 19:47:06.0787 INFO GetUnRentedMovies initiated
2022-07-11 19:47:10.6073 INFO GeUserstRentedMovies initiated
2022-07-11 19:47:10.6348 INFO GetUnRentedMovies initiated
2022-07-11 19:47:14.4968 INFO GeUserstRentedMovies initiated
2022-07-11 19:47:14.5291 INFO GetUnRentedMovies initiated
2022-07-11 19:47:31.2007 INFO GeUserstRentedMovies initiated
2022-07-11 19:47:31.2633 INFO GetUnRentedMovies initiated
2022-07-11 19:47:39.3410 INFO GeUserstRentedMovies initiated
2022-07-11 19:47:39.3828 INFO GetUnRentedMovies initiated
2022-07-11 19:47:59.2074 INFO GeUserstRentedMovies initiated
2022-07-11 19:47:59.3096 INFO GetUnRentedMovies initiated
2022-07-11 19:48:05.5915 INFO GeUserstRentedMovies initiated
2022-07-11 19:48:05.6344 INFO GetUnRentedMovies initiated
2022-07-11 19:48:12.5733 INFO GeUserstRentedMovies initiated
2022-07-11 19:48:12.6413 INFO GetUnRentedMovies initiated
2022-07-11 19:48:29.3257 INFO GeUserstRentedMovies initiated
2022-07-11 19:48:29.3721 INFO GetUnRentedMovies initiated
2022-07-11 19:48:40.4301 INFO GeUserstRentedMovies initiated
2022-07-11 19:48:40.4837 INFO GetUnRentedMovies initiated
2022-07-11 19:49:12.5035 INFO GeUserstRentedMovies initiated
2022-07-11 19:49:15.8554 INFO GetUnRentedMovies initiated
2022-07-11 19:49:27.3739 INFO GeUserstRentedMovies initiated
2022-07-11 19:49:41.6562 INFO AddMovie initiated
2022-07-11 19:49:55.1866 INFO GeUserstRentedMovies initiated
2022-07-11 19:49:56.1891 INFO GetUnRentedMovies initiated
